C:/Users/benja/AppData/Local/Temp/zcc00002D285E692.asm:
     1                          MODULE data_c
     2                          LINE 0, "data.c"
data.c:
                                
     1                          ;--------------------------------------------------------
     2                          ; File Created by SDCC : free open source ISO C Compiler
     3                          ; Version 4.5.0 #15242 (MINGW64)
     4                          ;--------------------------------------------------------
     5                          ; Processed by Z88DK
     6                          ;--------------------------------------------------------
     7                          
     8                          	EXTERN __divschar
     9                          	EXTERN __divschar_callee
    10                          	EXTERN __divsint
    11                          	EXTERN __divsint_callee
    12                          	EXTERN __divslong
    13                          	EXTERN __divslong_callee
    14                          	EXTERN __divslonglong
    15                          	EXTERN __divslonglong_callee
    16                          	EXTERN __divsuchar
    17                          	EXTERN __divsuchar_callee
    18                          	EXTERN __divuchar
    19                          	EXTERN __divuchar_callee
    20                          	EXTERN __divuint
    21                          	EXTERN __divuint_callee
    22                          	EXTERN __divulong
    23                          	EXTERN __divulong_callee
    24                          	EXTERN __divulonglong
    25                          	EXTERN __divulonglong_callee
    26                          	EXTERN __divuschar
    27                          	EXTERN __divuschar_callee
    28                          	EXTERN __modschar
    29                          	EXTERN __modschar_callee
    30                          	EXTERN __modsint
    31                          	EXTERN __modsint_callee
    32                          	EXTERN __modslong
    33                          	EXTERN __modslong_callee
    34                          	EXTERN __modslonglong
    35                          	EXTERN __modslonglong_callee
    36                          	EXTERN __modsuchar
    37                          	EXTERN __modsuchar_callee
    38                          	EXTERN __moduchar
    39                          	EXTERN __moduchar_callee
    40                          	EXTERN __moduint
    41                          	EXTERN __moduint_callee
    42                          	EXTERN __modulong
    43                          	EXTERN __modulong_callee
    44                          	EXTERN __modulonglong
    45                          	EXTERN __modulonglong_callee
    46                          	EXTERN __moduschar
    47                          	EXTERN __moduschar_callee
    48                          	EXTERN __mulint
    49                          	EXTERN __mulint_callee
    50                          	EXTERN __mullong
    51                          	EXTERN __mullong_callee
    52                          	EXTERN __mullonglong
    53                          	EXTERN __mullonglong_callee
    54                          	EXTERN __mulschar
    55                          	EXTERN __mulschar_callee
    56                          	EXTERN __mulsuchar
    57                          	EXTERN __mulsuchar_callee
    58                          	EXTERN __muluchar
    59                          	EXTERN __muluchar_callee
    60                          	EXTERN __muluschar
    61                          	EXTERN __muluschar_callee
    62                          	EXTERN __rlslonglong
    63                          	EXTERN __rlslonglong_callee
    64                          	EXTERN __rlulonglong
    65                          	EXTERN __rlulonglong_callee
    66                          	EXTERN __rrslonglong
    67                          	EXTERN __rrslonglong_callee
    68                          	EXTERN __rrulonglong
    69                          	EXTERN __rrulonglong_callee
    70                          	EXTERN ___mulsint2slong
    71                          	EXTERN ___mulsint2slong_callee
    72                          	EXTERN ___muluint2ulong
    73                          	EXTERN ___muluint2ulong_callee
    74                          	EXTERN ___sdcc_call_hl
    75                          	EXTERN ___sdcc_call_iy
    76                          	EXTERN ___sdcc_enter_ix
    77                          	EXTERN banked_call
    78                          	EXTERN _banked_ret
    79                          	EXTERN ___fs2schar
    80                          	EXTERN ___fs2schar_callee
    81                          	EXTERN ___fs2sint
    82                          	EXTERN ___fs2sint_callee
    83                          	EXTERN ___fs2slong
    84                          	EXTERN ___fs2slong_callee
    85                          	EXTERN ___fs2slonglong
    86                          	EXTERN ___fs2slonglong_callee
    87                          	EXTERN ___fs2uchar
    88                          	EXTERN ___fs2uchar_callee
    89                          	EXTERN ___fs2uint
    90                          	EXTERN ___fs2uint_callee
    91                          	EXTERN ___fs2ulong
    92                          	EXTERN ___fs2ulong_callee
    93                          	EXTERN ___fs2ulonglong
    94                          	EXTERN ___fs2ulonglong_callee
    95                          	EXTERN ___fsadd
    96                          	EXTERN ___fsadd_callee
    97                          	EXTERN ___fsdiv
    98                          	EXTERN ___fsdiv_callee
    99                          	EXTERN ___fseq
   100                          	EXTERN ___fseq_callee
   101                          	EXTERN ___fsgt
   102                          	EXTERN ___fsgt_callee
   103                          	EXTERN ___fslt
   104                          	EXTERN ___fslt_callee
   105                          	EXTERN ___fsmul
   106                          	EXTERN ___fsmul_callee
   107                          	EXTERN ___fsneq
   108                          	EXTERN ___fsneq_callee
   109                          	EXTERN ___fssub
   110                          	EXTERN ___fssub_callee
   111                          	EXTERN ___schar2fs
   112                          	EXTERN ___schar2fs_callee
   113                          	EXTERN ___sint2fs
   114                          	EXTERN ___sint2fs_callee
   115                          	EXTERN ___slong2fs
   116                          	EXTERN ___slong2fs_callee
   117                          	EXTERN ___slonglong2fs
   118                          	EXTERN ___slonglong2fs_callee
   119                          	EXTERN ___uchar2fs
   120                          	EXTERN ___uchar2fs_callee
   121                          	EXTERN ___uint2fs
   122                          	EXTERN ___uint2fs_callee
   123                          	EXTERN ___ulong2fs
   124                          	EXTERN ___ulong2fs_callee
   125                          	EXTERN ___ulonglong2fs
   126                          	EXTERN ___ulonglong2fs_callee
   127                          	EXTERN ____sdcc_2_copy_src_mhl_dst_deix
   128                          	EXTERN ____sdcc_2_copy_src_mhl_dst_bcix
   129                          	EXTERN ____sdcc_4_copy_src_mhl_dst_deix
   130                          	EXTERN ____sdcc_4_copy_src_mhl_dst_bcix
   131                          	EXTERN ____sdcc_4_copy_src_mhl_dst_mbc
   132                          	EXTERN ____sdcc_4_ldi_nosave_bc
   133                          	EXTERN ____sdcc_4_ldi_save_bc
   134                          	EXTERN ____sdcc_4_push_hlix
   135                          	EXTERN ____sdcc_4_push_mhl
   136                          	EXTERN ____sdcc_lib_setmem_hl
   137                          	EXTERN ____sdcc_ll_add_de_bc_hl
   138                          	EXTERN ____sdcc_ll_add_de_bc_hlix
   139                          	EXTERN ____sdcc_ll_add_de_hlix_bc
   140                          	EXTERN ____sdcc_ll_add_de_hlix_bcix
   141                          	EXTERN ____sdcc_ll_add_deix_bc_hl
   142                          	EXTERN ____sdcc_ll_add_deix_hlix
   143                          	EXTERN ____sdcc_ll_add_hlix_bc_deix
   144                          	EXTERN ____sdcc_ll_add_hlix_deix_bc
   145                          	EXTERN ____sdcc_ll_add_hlix_deix_bcix
   146                          	EXTERN ____sdcc_ll_asr_hlix_a
   147                          	EXTERN ____sdcc_ll_asr_mbc_a
   148                          	EXTERN ____sdcc_ll_copy_src_de_dst_hlix
   149                          	EXTERN ____sdcc_ll_copy_src_de_dst_hlsp
   150                          	EXTERN ____sdcc_ll_copy_src_deix_dst_hl
   151                          	EXTERN ____sdcc_ll_copy_src_deix_dst_hlix
   152                          	EXTERN ____sdcc_ll_copy_src_deixm_dst_hlsp
   153                          	EXTERN ____sdcc_ll_copy_src_desp_dst_hlsp
   154                          	EXTERN ____sdcc_ll_copy_src_hl_dst_de
   155                          	EXTERN ____sdcc_ll_copy_src_hlsp_dst_de
   156                          	EXTERN ____sdcc_ll_copy_src_hlsp_dst_deixm
   157                          	EXTERN ____sdcc_ll_lsl_hlix_a
   158                          	EXTERN ____sdcc_ll_lsl_mbc_a
   159                          	EXTERN ____sdcc_ll_lsr_hlix_a
   160                          	EXTERN ____sdcc_ll_lsr_mbc_a
   161                          	EXTERN ____sdcc_ll_push_hlix
   162                          	EXTERN ____sdcc_ll_push_mhl
   163                          	EXTERN ____sdcc_ll_sub_de_bc_hl
   164                          	EXTERN ____sdcc_ll_sub_de_bc_hlix
   165                          	EXTERN ____sdcc_ll_sub_de_hlix_bc
   166                          	EXTERN ____sdcc_ll_sub_de_hlix_bcix
   167                          	EXTERN ____sdcc_ll_sub_deix_bc_hl
   168                          	EXTERN ____sdcc_ll_sub_deix_hlix
   169                          	EXTERN ____sdcc_ll_sub_hlix_bc_deix
   170                          	EXTERN ____sdcc_ll_sub_hlix_deix_bc
   171                          	EXTERN ____sdcc_ll_sub_hlix_deix_bcix
   172                          	EXTERN ____sdcc_load_debc_deix
   173                          	EXTERN ____sdcc_load_dehl_deix
   174                          	EXTERN ____sdcc_load_debc_mhl
   175                          	EXTERN ____sdcc_load_hlde_mhl
   176                          	EXTERN ____sdcc_store_dehl_bcix
   177                          	EXTERN ____sdcc_store_debc_hlix
   178                          	EXTERN ____sdcc_store_debc_mhl
   179                          	EXTERN ____sdcc_cpu_pop_ei
   180                          	EXTERN ____sdcc_cpu_pop_ei_jp
   181                          	EXTERN ____sdcc_cpu_push_di
   182                          	EXTERN ____sdcc_outi
   183                          	EXTERN ____sdcc_outi_128
   184                          	EXTERN ____sdcc_outi_256
   185                          	EXTERN ____sdcc_ldi
   186                          	EXTERN ____sdcc_ldi_128
   187                          	EXTERN ____sdcc_ldi_256
   188                          	EXTERN ____sdcc_4_copy_srcd_hlix_dst_deix
   189                          	EXTERN ____sdcc_4_and_src_mbc_mhl_dst_deix
   190                          	EXTERN ____sdcc_4_or_src_mbc_mhl_dst_deix
   191                          	EXTERN ____sdcc_4_xor_src_mbc_mhl_dst_deix
   192                          	EXTERN ____sdcc_4_or_src_dehl_dst_bcix
   193                          	EXTERN ____sdcc_4_xor_src_dehl_dst_bcix
   194                          	EXTERN ____sdcc_4_and_src_dehl_dst_bcix
   195                          	EXTERN ____sdcc_4_xor_src_mbc_mhl_dst_debc
   196                          	EXTERN ____sdcc_4_or_src_mbc_mhl_dst_debc
   197                          	EXTERN ____sdcc_4_and_src_mbc_mhl_dst_debc
   198                          	EXTERN ____sdcc_4_cpl_src_mhl_dst_debc
   199                          	EXTERN ____sdcc_4_xor_src_debc_mhl_dst_debc
   200                          	EXTERN ____sdcc_4_or_src_debc_mhl_dst_debc
   201                          	EXTERN ____sdcc_4_and_src_debc_mhl_dst_debc
   202                          	EXTERN ____sdcc_4_and_src_debc_hlix_dst_debc
   203                          	EXTERN ____sdcc_4_or_src_debc_hlix_dst_debc
   204                          	EXTERN ____sdcc_4_xor_src_debc_hlix_dst_debc
   205                          	.zxn
   206                          
   207                          ;--------------------------------------------------------
   208                          ; Public variables in this module
   209                          ;--------------------------------------------------------
   210                          	GLOBAL _GameState
   211                          ;--------------------------------------------------------
   212                          ; Externals used
   213                          ;--------------------------------------------------------
   214                          	GLOBAL _ReadNextReg
   215                          	GLOBAL _Print
   216                          	GLOBAL _ReadKeyboard
   217                          	GLOBAL _UploadSprites
   218                          	GLOBAL _DMACopy
   219                          	GLOBAL _PrintHex
   220                          	GLOBAL _InitSpriteData
   221                          	GLOBAL _ClsULA
   222                          	GLOBAL _ClsATTR
   223                          	GLOBAL _WipeSprites
   224                          	GLOBAL _CopySpriteData
   225                          	GLOBAL _Layer2Enable
   226                          	GLOBAL _WaitVBlank
   227                          	GLOBAL _SetUpIRQs
   228                          	GLOBAL _InitKernel
   229                          	GLOBAL _in_mouse_kempston_wheel_delta
   230                          	GLOBAL _in_mouse_kempston_wheel
   231                          	GLOBAL _in_mouse_kempston_callee
   232                          	GLOBAL _in_mouse_kempston
   233                          	GLOBAL _in_mouse_kempston_setpos_callee
   234                          	GLOBAL _in_mouse_kempston_setpos
   235                          	GLOBAL _in_mouse_kempston_reset
   236                          	GLOBAL _in_mouse_kempston_init
   237                          	GLOBAL _in_mouse_amx_wheel_delta
   238                          	GLOBAL _in_mouse_amx_wheel
   239                          	GLOBAL _in_mouse_amx_callee
   240                          	GLOBAL _in_mouse_amx
   241                          	GLOBAL _in_mouse_amx_setpos_callee
   242                          	GLOBAL _in_mouse_amx_setpos
   243                          	GLOBAL _in_mouse_amx_reset
   244                          	GLOBAL _in_mouse_amx_init_callee
   245                          	GLOBAL _in_mouse_amx_init
   246                          	GLOBAL _in_stick_sinclair2
   247                          	GLOBAL _in_stick_sinclair1
   248                          	GLOBAL _in_stick_kempston
   249                          	GLOBAL _in_stick_fuller
   250                          	GLOBAL _in_stick_cursor
   251                          	GLOBAL _in_stick_keyboard_fastcall
   252                          	GLOBAL _in_stick_keyboard
   253                          	GLOBAL _in_wait_nokey
   254                          	GLOBAL _in_wait_key
   255                          	GLOBAL _in_test_key
   256                          	GLOBAL _in_pause_fastcall
   257                          	GLOBAL _in_pause
   258                          	GLOBAL _in_key_scancode_fastcall
   259                          	GLOBAL _in_key_scancode
   260                          	GLOBAL _in_key_pressed_fastcall
   261                          	GLOBAL _in_key_pressed
   262                          	GLOBAL _in_inkey
   263                          	GLOBAL _zx_pattern_fill_callee
   264                          	GLOBAL _zx_pattern_fill
   265                          	GLOBAL _tshr_saddrpup_fastcall
   266                          	GLOBAL _tshr_saddrpup
   267                          	GLOBAL _tshr_saddrpright_callee
   268                          	GLOBAL _tshr_saddrpright
   269                          	GLOBAL _tshr_saddrpleft_callee
   270                          	GLOBAL _tshr_saddrpleft
   271                          	GLOBAL _tshr_saddrpdown_fastcall
   272                          	GLOBAL _tshr_saddrpdown
   273                          	GLOBAL _tshr_saddrcup_fastcall
   274                          	GLOBAL _tshr_saddrcup
   275                          	GLOBAL _tshr_saddrcright_fastcall
   276                          	GLOBAL _tshr_saddrcright
   277                          	GLOBAL _tshr_saddrcleft_fastcall
   278                          	GLOBAL _tshr_saddrcleft
   279                          	GLOBAL _tshr_saddrcdown_fastcall
   280                          	GLOBAL _tshr_saddrcdown
   281                          	GLOBAL _tshr_saddr2py_fastcall
   282                          	GLOBAL _tshr_saddr2py
   283                          	GLOBAL _tshr_saddr2px_fastcall
   284                          	GLOBAL _tshr_saddr2px
   285                          	GLOBAL _tshr_saddr2cy_fastcall
   286                          	GLOBAL _tshr_saddr2cy
   287                          	GLOBAL _tshr_saddr2cx_fastcall
   288                          	GLOBAL _tshr_saddr2cx
   289                          	GLOBAL _tshr_py2saddr_fastcall
   290                          	GLOBAL _tshr_py2saddr
   291                          	GLOBAL _tshr_pxy2saddr_callee
   292                          	GLOBAL _tshr_pxy2saddr
   293                          	GLOBAL _tshr_px2bitmask_fastcall
   294                          	GLOBAL _tshr_px2bitmask
   295                          	GLOBAL _tshr_cy2saddr_fastcall
   296                          	GLOBAL _tshr_cy2saddr
   297                          	GLOBAL _tshr_cxy2saddr_callee
   298                          	GLOBAL _tshr_cxy2saddr
   299                          	GLOBAL _tshr_bitmask2px_fastcall
   300                          	GLOBAL _tshr_bitmask2px
   301                          	GLOBAL _tshc_saddrpup_fastcall
   302                          	GLOBAL _tshc_saddrpup
   303                          	GLOBAL _tshc_saddrpright_callee
   304                          	GLOBAL _tshc_saddrpright
   305                          	GLOBAL _tshc_saddrpleft_callee
   306                          	GLOBAL _tshc_saddrpleft
   307                          	GLOBAL _tshc_saddrpdown_fastcall
   308                          	GLOBAL _tshc_saddrpdown
   309                          	GLOBAL _tshc_saddrcup_fastcall
   310                          	GLOBAL _tshc_saddrcup
   311                          	GLOBAL _tshc_saddrcright_fastcall
   312                          	GLOBAL _tshc_saddrcright
   313                          	GLOBAL _tshc_saddrcleft_fastcall
   314                          	GLOBAL _tshc_saddrcleft
   315                          	GLOBAL _tshc_saddrcdown_fastcall
   316                          	GLOBAL _tshc_saddrcdown
   317                          	GLOBAL _tshc_saddr2py_fastcall
   318                          	GLOBAL _tshc_saddr2py
   319                          	GLOBAL _tshc_saddr2px_fastcall
   320                          	GLOBAL _tshc_saddr2px
   321                          	GLOBAL _tshc_saddr2cy_fastcall
   322                          	GLOBAL _tshc_saddr2cy
   323                          	GLOBAL _tshc_saddr2cx_fastcall
   324                          	GLOBAL _tshc_saddr2cx
   325                          	GLOBAL _tshc_saddr2aaddr_fastcall
   326                          	GLOBAL _tshc_saddr2aaddr
   327                          	GLOBAL _tshc_py2saddr_fastcall
   328                          	GLOBAL _tshc_py2saddr
   329                          	GLOBAL _tshc_py2aaddr_fastcall
   330                          	GLOBAL _tshc_py2aaddr
   331                          	GLOBAL _tshc_pxy2saddr_callee
   332                          	GLOBAL _tshc_pxy2saddr
   333                          	GLOBAL _tshc_pxy2aaddr_callee
   334                          	GLOBAL _tshc_pxy2aaddr
   335                          	GLOBAL _tshc_px2bitmask_fastcall
   336                          	GLOBAL _tshc_px2bitmask
   337                          	GLOBAL _tshc_cy2saddr_fastcall
   338                          	GLOBAL _tshc_cy2saddr
   339                          	GLOBAL _tshc_cy2aaddr_fastcall
   340                          	GLOBAL _tshc_cy2aaddr
   341                          	GLOBAL _tshc_cxy2saddr_callee
   342                          	GLOBAL _tshc_cxy2saddr
   343                          	GLOBAL _tshc_cxy2aaddr_callee
   344                          	GLOBAL _tshc_cxy2aaddr
   345                          	GLOBAL _tshc_bitmask2px_fastcall
   346                          	GLOBAL _tshc_bitmask2px
   347                          	GLOBAL _tshc_aaddrpup_fastcall
   348                          	GLOBAL _tshc_aaddrpup
   349                          	GLOBAL _tshc_aaddrpright_callee
   350                          	GLOBAL _tshc_aaddrpright
   351                          	GLOBAL _tshc_aaddrpleft_callee
   352                          	GLOBAL _tshc_aaddrpleft
   353                          	GLOBAL _tshc_aaddrpdown_fastcall
   354                          	GLOBAL _tshc_aaddrpdown
   355                          	GLOBAL _tshc_aaddrcup_fastcall
   356                          	GLOBAL _tshc_aaddrcup
   357                          	GLOBAL _tshc_aaddrcright_fastcall
   358                          	GLOBAL _tshc_aaddrcright
   359                          	GLOBAL _tshc_aaddrcleft_fastcall
   360                          	GLOBAL _tshc_aaddrcleft
   361                          	GLOBAL _tshc_aaddrcdown_fastcall
   362                          	GLOBAL _tshc_aaddrcdown
   363                          	GLOBAL _tshc_aaddr2saddr_fastcall
   364                          	GLOBAL _tshc_aaddr2saddr
   365                          	GLOBAL _tshc_aaddr2py_fastcall
   366                          	GLOBAL _tshc_aaddr2py
   367                          	GLOBAL _tshc_aaddr2px_fastcall
   368                          	GLOBAL _tshc_aaddr2px
   369                          	GLOBAL _tshc_aaddr2cy_fastcall
   370                          	GLOBAL _tshc_aaddr2cy
   371                          	GLOBAL _tshc_aaddr2cx_fastcall
   372                          	GLOBAL _tshc_aaddr2cx
   373                          	GLOBAL _zx_saddrpup_fastcall
   374                          	GLOBAL _zx_saddrpup
   375                          	GLOBAL _zx_saddrpright_callee
   376                          	GLOBAL _zx_saddrpright
   377                          	GLOBAL _zx_saddrpleft_callee
   378                          	GLOBAL _zx_saddrpleft
   379                          	GLOBAL _zx_saddrpdown_fastcall
   380                          	GLOBAL _zx_saddrpdown
   381                          	GLOBAL _zx_saddrcup_fastcall
   382                          	GLOBAL _zx_saddrcup
   383                          	GLOBAL _zx_saddrcright_fastcall
   384                          	GLOBAL _zx_saddrcright
   385                          	GLOBAL _zx_saddrcleft_fastcall
   386                          	GLOBAL _zx_saddrcleft
   387                          	GLOBAL _zx_saddrcdown_fastcall
   388                          	GLOBAL _zx_saddrcdown
   389                          	GLOBAL _zx_saddr2py_fastcall
   390                          	GLOBAL _zx_saddr2py
   391                          	GLOBAL _zx_saddr2px_fastcall
   392                          	GLOBAL _zx_saddr2px
   393                          	GLOBAL _zx_saddr2cy_fastcall
   394                          	GLOBAL _zx_saddr2cy
   395                          	GLOBAL _zx_saddr2cx_fastcall
   396                          	GLOBAL _zx_saddr2cx
   397                          	GLOBAL _zx_saddr2aaddr_fastcall
   398                          	GLOBAL _zx_saddr2aaddr
   399                          	GLOBAL _zx_py2saddr_fastcall
   400                          	GLOBAL _zx_py2saddr
   401                          	GLOBAL _zx_py2aaddr_fastcall
   402                          	GLOBAL _zx_py2aaddr
   403                          	GLOBAL _zx_pxy2saddr_callee
   404                          	GLOBAL _zx_pxy2saddr
   405                          	GLOBAL _zx_pxy2aaddr_callee
   406                          	GLOBAL _zx_pxy2aaddr
   407                          	GLOBAL _zx_px2bitmask_fastcall
   408                          	GLOBAL _zx_px2bitmask
   409                          	GLOBAL _zx_cy2saddr_fastcall
   410                          	GLOBAL _zx_cy2saddr
   411                          	GLOBAL _zx_cy2aaddr_fastcall
   412                          	GLOBAL _zx_cy2aaddr
   413                          	GLOBAL _zx_cxy2saddr_callee
   414                          	GLOBAL _zx_cxy2saddr
   415                          	GLOBAL _zx_cxy2aaddr_callee
   416                          	GLOBAL _zx_cxy2aaddr
   417                          	GLOBAL _zx_bitmask2px_fastcall
   418                          	GLOBAL _zx_bitmask2px
   419                          	GLOBAL _zx_aaddrcup_fastcall
   420                          	GLOBAL _zx_aaddrcup
   421                          	GLOBAL _zx_aaddrcright_fastcall
   422                          	GLOBAL _zx_aaddrcright
   423                          	GLOBAL _zx_aaddrcleft_fastcall
   424                          	GLOBAL _zx_aaddrcleft
   425                          	GLOBAL _zx_aaddrcdown_fastcall
   426                          	GLOBAL _zx_aaddrcdown
   427                          	GLOBAL _zx_aaddr2saddr_fastcall
   428                          	GLOBAL _zx_aaddr2saddr
   429                          	GLOBAL _zx_aaddr2py_fastcall
   430                          	GLOBAL _zx_aaddr2py
   431                          	GLOBAL _zx_aaddr2px_fastcall
   432                          	GLOBAL _zx_aaddr2px
   433                          	GLOBAL _zx_aaddr2cy_fastcall
   434                          	GLOBAL _zx_aaddr2cy
   435                          	GLOBAL _zx_aaddr2cx_fastcall
   436                          	GLOBAL _zx_aaddr2cx
   437                          	GLOBAL _tshr_visit_wc_pix_callee
   438                          	GLOBAL _tshr_visit_wc_pix
   439                          	GLOBAL _tshr_scroll_wc_up_pix_callee
   440                          	GLOBAL _tshr_scroll_wc_up_pix
   441                          	GLOBAL _tshr_scroll_up_pix_callee
   442                          	GLOBAL _tshr_scroll_up_pix
   443                          	GLOBAL _tshr_scroll_up_callee
   444                          	GLOBAL _tshr_scroll_up
   445                          	GLOBAL _tshr_cls_wc_pix_callee
   446                          	GLOBAL _tshr_cls_wc_pix
   447                          	GLOBAL _tshr_cls_pix_fastcall
   448                          	GLOBAL _tshr_cls_pix
   449                          	GLOBAL _tshr_cls_attr_fastcall
   450                          	GLOBAL _tshr_cls_attr
   451                          	GLOBAL _tshr_cls_fastcall
   452                          	GLOBAL _tshr_cls
   453                          	GLOBAL _tshc_visit_wc_pix_callee
   454                          	GLOBAL _tshc_visit_wc_pix
   455                          	GLOBAL _tshc_visit_wc_attr_callee
   456                          	GLOBAL _tshc_visit_wc_attr
   457                          	GLOBAL _tshc_scroll_wc_up_pix_callee
   458                          	GLOBAL _tshc_scroll_wc_up_pix
   459                          	GLOBAL _tshc_scroll_wc_up_attr_callee
   460                          	GLOBAL _tshc_scroll_wc_up_attr
   461                          	GLOBAL _tshc_scroll_wc_up_callee
   462                          	GLOBAL _tshc_scroll_wc_up
   463                          	GLOBAL _tshc_scroll_up_pix_callee
   464                          	GLOBAL _tshc_scroll_up_pix
   465                          	GLOBAL _tshc_scroll_up_attr_callee
   466                          	GLOBAL _tshc_scroll_up_attr
   467                          	GLOBAL _tshc_scroll_up_callee
   468                          	GLOBAL _tshc_scroll_up
   469                          	GLOBAL _tshc_cls_wc_pix_callee
   470                          	GLOBAL _tshc_cls_wc_pix
   471                          	GLOBAL _tshc_cls_wc_attr_callee
   472                          	GLOBAL _tshc_cls_wc_attr
   473                          	GLOBAL _tshc_cls_wc_callee
   474                          	GLOBAL _tshc_cls_wc
   475                          	GLOBAL _tshc_cls_pix_fastcall
   476                          	GLOBAL _tshc_cls_pix
   477                          	GLOBAL _tshc_cls_attr_fastcall
   478                          	GLOBAL _tshc_cls_attr
   479                          	GLOBAL _tshc_cls_fastcall
   480                          	GLOBAL _tshc_cls
   481                          	GLOBAL _zx_visit_wc_pix_callee
   482                          	GLOBAL _zx_visit_wc_pix
   483                          	GLOBAL _zx_visit_wc_attr_callee
   484                          	GLOBAL _zx_visit_wc_attr
   485                          	GLOBAL _zx_scroll_wc_up_pix_callee
   486                          	GLOBAL _zx_scroll_wc_up_pix
   487                          	GLOBAL _zx_scroll_wc_up_attr_callee
   488                          	GLOBAL _zx_scroll_wc_up_attr
   489                          	GLOBAL _zx_scroll_wc_up_callee
   490                          	GLOBAL _zx_scroll_wc_up
   491                          	GLOBAL _zx_scroll_up_pix_callee
   492                          	GLOBAL _zx_scroll_up_pix
   493                          	GLOBAL _zx_scroll_up_attr_callee
   494                          	GLOBAL _zx_scroll_up_attr
   495                          	GLOBAL _zx_scroll_up_callee
   496                          	GLOBAL _zx_scroll_up
   497                          	GLOBAL _zx_cls_wc_pix_callee
   498                          	GLOBAL _zx_cls_wc_pix
   499                          	GLOBAL _zx_cls_wc_attr_callee
   500                          	GLOBAL _zx_cls_wc_attr
   501                          	GLOBAL _zx_cls_wc_callee
   502                          	GLOBAL _zx_cls_wc
   503                          	GLOBAL _zx_cls_pix_fastcall
   504                          	GLOBAL _zx_cls_pix
   505                          	GLOBAL _zx_cls_attr_fastcall
   506                          	GLOBAL _zx_cls_attr
   507                          	GLOBAL _zx_cls_fastcall
   508                          	GLOBAL _zx_cls
   509                          	GLOBAL _zx_border_fastcall
   510                          	GLOBAL _zx_border
   511                          	GLOBAL _ts_vmod_fastcall
   512                          	GLOBAL _ts_vmod
   513                          	GLOBAL _zx_tape_verify_block_callee
   514                          	GLOBAL _zx_tape_verify_block
   515                          	GLOBAL _zx_tape_save_block_callee
   516                          	GLOBAL _zx_tape_save_block
   517                          	GLOBAL _zx_tape_load_block_callee
   518                          	GLOBAL _zx_tape_load_block
   519                          	GLOBAL _check_version_nextzxos_fastcall
   520                          	GLOBAL _check_version_nextzxos
   521                          	GLOBAL _check_version_esxdos_fastcall
   522                          	GLOBAL _check_version_esxdos
   523                          	GLOBAL _check_version_core_fastcall
   524                          	GLOBAL _check_version_core
   525                          	GLOBAL _zxn_mangle_bank_state_fastcall
   526                          	GLOBAL _zxn_mangle_bank_state
   527                          	GLOBAL _zxn_write_sysvar_bank_state_fastcall
   528                          	GLOBAL _zxn_write_sysvar_bank_state
   529                          	GLOBAL _zxn_read_sysvar_bank_state
   530                          	GLOBAL _zxn_write_bank_state_fastcall
   531                          	GLOBAL _zxn_write_bank_state
   532                          	GLOBAL _zxn_write_mmu_state_fastcall
   533                          	GLOBAL _zxn_write_mmu_state
   534                          	GLOBAL _zxn_read_mmu_state_fastcall
   535                          	GLOBAL _zxn_read_mmu_state
   536                          	GLOBAL _zxn_page_from_addr_fastcall
   537                          	GLOBAL _zxn_page_from_addr
   538                          	GLOBAL _zxn_addr_from_page_fastcall
   539                          	GLOBAL _zxn_addr_from_page
   540                          	GLOBAL _zxn_addr_in_mmu_callee
   541                          	GLOBAL _zxn_addr_in_mmu
   542                          	GLOBAL _zxn_mmu_from_addr_fastcall
   543                          	GLOBAL _zxn_mmu_from_addr
   544                          	GLOBAL _zxn_addr_from_mmu_fastcall
   545                          	GLOBAL _zxn_addr_from_mmu
   546                          	GLOBAL _ZXN_READ_MMU7
   547                          	GLOBAL _ZXN_READ_MMU6
   548                          	GLOBAL _ZXN_READ_MMU5
   549                          	GLOBAL _ZXN_READ_MMU4
   550                          	GLOBAL _ZXN_READ_MMU3
   551                          	GLOBAL _ZXN_READ_MMU2
   552                          	GLOBAL _ZXN_READ_MMU1
   553                          	GLOBAL _ZXN_READ_MMU0
   554                          	GLOBAL _ZXN_WRITE_REG_callee
   555                          	GLOBAL _ZXN_WRITE_REG
   556                          	GLOBAL _ZXN_READ_REG_fastcall
   557                          	GLOBAL _ZXN_READ_REG
   558                          	GLOBAL _z80_otdr_callee
   559                          	GLOBAL _z80_otdr
   560                          	GLOBAL _z80_otir_callee
   561                          	GLOBAL _z80_otir
   562                          	GLOBAL _z80_outp_callee
   563                          	GLOBAL _z80_outp
   564                          	GLOBAL _z80_indr_callee
   565                          	GLOBAL _z80_indr
   566                          	GLOBAL _z80_inir_callee
   567                          	GLOBAL _z80_inir
   568                          	GLOBAL _z80_inp_fastcall
   569                          	GLOBAL _z80_inp
   570                          	GLOBAL _z80_set_int_state_fastcall
   571                          	GLOBAL _z80_set_int_state
   572                          	GLOBAL _z80_get_int_state
   573                          	GLOBAL _z80_delay_tstate_fastcall
   574                          	GLOBAL _z80_delay_tstate
   575                          	GLOBAL _z80_delay_ms_fastcall
   576                          	GLOBAL _z80_delay_ms
   577                          	GLOBAL _ffsll_callee
   578                          	GLOBAL _ffsll
   579                          	GLOBAL _strxfrm_callee
   580                          	GLOBAL _strxfrm
   581                          	GLOBAL _strupr_fastcall
   582                          	GLOBAL _strupr
   583                          	GLOBAL _strtok_r_callee
   584                          	GLOBAL _strtok_r
   585                          	GLOBAL _strtok_callee
   586                          	GLOBAL _strtok
   587                          	GLOBAL _strstrip_fastcall
   588                          	GLOBAL _strstrip
   589                          	GLOBAL _strstr_callee
   590                          	GLOBAL _strstr
   591                          	GLOBAL _strspn_callee
   592                          	GLOBAL _strspn
   593                          	GLOBAL _strsep_callee
   594                          	GLOBAL _strsep
   595                          	GLOBAL _strrstrip_fastcall
   596                          	GLOBAL _strrstrip
   597                          	GLOBAL _strrstr_callee
   598                          	GLOBAL _strrstr
   599                          	GLOBAL _strrspn_callee
   600                          	GLOBAL _strrspn
   601                          	GLOBAL _strrev_fastcall
   602                          	GLOBAL _strrev
   603                          	GLOBAL _strrcspn_callee
   604                          	GLOBAL _strrcspn
   605                          	GLOBAL _strrchr_callee
   606                          	GLOBAL _strrchr
   607                          	GLOBAL _strpbrk_callee
   608                          	GLOBAL _strpbrk
   609                          	GLOBAL _strnlen_callee
   610                          	GLOBAL _strnlen
   611                          	GLOBAL _strnicmp_callee
   612                          	GLOBAL _strnicmp
   613                          	GLOBAL _strndup_callee
   614                          	GLOBAL _strndup
   615                          	GLOBAL _strncpy_callee
   616                          	GLOBAL _strncpy
   617                          	GLOBAL _strncmp_callee
   618                          	GLOBAL _strncmp
   619                          	GLOBAL _strnchr_callee
   620                          	GLOBAL _strnchr
   621                          	GLOBAL _strncat_callee
   622                          	GLOBAL _strncat
   623                          	GLOBAL _strncasecmp_callee
   624                          	GLOBAL _strncasecmp
   625                          	GLOBAL _strlwr_fastcall
   626                          	GLOBAL _strlwr
   627                          	GLOBAL _strlen_fastcall
   628                          	GLOBAL _strlen
   629                          	GLOBAL _strlcpy_callee
   630                          	GLOBAL _strlcpy
   631                          	GLOBAL _strlcat_callee
   632                          	GLOBAL _strlcat
   633                          	GLOBAL _stricmp_callee
   634                          	GLOBAL _stricmp
   635                          	GLOBAL _strerror_fastcall
   636                          	GLOBAL _strerror
   637                          	GLOBAL _strdup_fastcall
   638                          	GLOBAL _strdup
   639                          	GLOBAL _strcspn_callee
   640                          	GLOBAL _strcspn
   641                          	GLOBAL _strcpy_callee
   642                          	GLOBAL _strcpy
   643                          	GLOBAL _strcoll_callee
   644                          	GLOBAL _strcoll
   645                          	GLOBAL _strcmp_callee
   646                          	GLOBAL _strcmp
   647                          	GLOBAL _strchrnul_callee
   648                          	GLOBAL _strchrnul
   649                          	GLOBAL _strchr_callee
   650                          	GLOBAL _strchr
   651                          	GLOBAL _strcat_callee
   652                          	GLOBAL _strcat
   653                          	GLOBAL _strcasecmp_callee
   654                          	GLOBAL _strcasecmp
   655                          	GLOBAL _stpncpy_callee
   656                          	GLOBAL _stpncpy
   657                          	GLOBAL _stpcpy_callee
   658                          	GLOBAL _stpcpy
   659                          	GLOBAL _memswap_callee
   660                          	GLOBAL _memswap
   661                          	GLOBAL _memset_wr_callee
   662                          	GLOBAL _memset_wr
   663                          	GLOBAL _memset_callee
   664                          	GLOBAL _memset
   665                          	GLOBAL _memrchr_callee
   666                          	GLOBAL _memrchr
   667                          	GLOBAL _memmove_callee
   668                          	GLOBAL _memmove
   669                          	GLOBAL _memmem_callee
   670                          	GLOBAL _memmem
   671                          	GLOBAL _memcpy_callee
   672                          	GLOBAL _memcpy
   673                          	GLOBAL _memcmp_callee
   674                          	GLOBAL _memcmp
   675                          	GLOBAL _memchr_callee
   676                          	GLOBAL _memchr
   677                          	GLOBAL _memccpy_callee
   678                          	GLOBAL _memccpy
   679                          	GLOBAL _ffsl_fastcall
   680                          	GLOBAL _ffsl
   681                          	GLOBAL _ffs_fastcall
   682                          	GLOBAL _ffs
   683                          	GLOBAL __strrstrip__fastcall
   684                          	GLOBAL __strrstrip_
   685                          	GLOBAL __memupr__callee
   686                          	GLOBAL __memupr_
   687                          	GLOBAL __memstrcpy__callee
   688                          	GLOBAL __memstrcpy_
   689                          	GLOBAL __memlwr__callee
   690                          	GLOBAL __memlwr_
   691                          	GLOBAL _rawmemchr_callee
   692                          	GLOBAL _rawmemchr
   693                          	GLOBAL _strnset_callee
   694                          	GLOBAL _strnset
   695                          	GLOBAL _strset_callee
   696                          	GLOBAL _strset
   697                          	GLOBAL _rindex_callee
   698                          	GLOBAL _rindex
   699                          	GLOBAL _index_callee
   700                          	GLOBAL _index
   701                          	GLOBAL _bzero_callee
   702                          	GLOBAL _bzero
   703                          	GLOBAL _bcopy_callee
   704                          	GLOBAL _bcopy
   705                          	GLOBAL _bcmp_callee
   706                          	GLOBAL _bcmp
   707                          	GLOBAL _tmpnam_ex_fastcall
   708                          	GLOBAL _tmpnam_ex
   709                          	GLOBAL _tmpnam_fastcall
   710                          	GLOBAL _tmpnam
   711                          	GLOBAL _vscanf_unlocked_callee
   712                          	GLOBAL _vscanf_unlocked
   713                          	GLOBAL _vprintf_unlocked_callee
   714                          	GLOBAL _vprintf_unlocked
   715                          	GLOBAL _vfscanf_unlocked_callee
   716                          	GLOBAL _vfscanf_unlocked
   717                          	GLOBAL _vfprintf_unlocked_callee
   718                          	GLOBAL _vfprintf_unlocked
   719                          	GLOBAL _ungetc_unlocked_callee
   720                          	GLOBAL _ungetc_unlocked
   721                          	GLOBAL _scanf_unlocked
   722                          	GLOBAL _rewind_unlocked_fastcall
   723                          	GLOBAL _rewind_unlocked
   724                          	GLOBAL _puts_unlocked_fastcall
   725                          	GLOBAL _puts_unlocked
   726                          	GLOBAL _putchar_unlocked_fastcall
   727                          	GLOBAL _putchar_unlocked
   728                          	GLOBAL _putc_unlocked_callee
   729                          	GLOBAL _putc_unlocked
   730                          	GLOBAL _printf_unlocked
   731                          	GLOBAL _gets_unlocked_fastcall
   732                          	GLOBAL _gets_unlocked
   733                          	GLOBAL _getline_unlocked_callee
   734                          	GLOBAL _getline_unlocked
   735                          	GLOBAL _getdelim_unlocked_callee
   736                          	GLOBAL _getdelim_unlocked
   737                          	GLOBAL _getchar_unlocked
   738                          	GLOBAL _getc_unlocked_fastcall
   739                          	GLOBAL _getc_unlocked
   740                          	GLOBAL _fwrite_unlocked_callee
   741                          	GLOBAL _fwrite_unlocked
   742                          	GLOBAL _ftell_unlocked_fastcall
   743                          	GLOBAL _ftell_unlocked
   744                          	GLOBAL _fsetpos_unlocked_callee
   745                          	GLOBAL _fsetpos_unlocked
   746                          	GLOBAL _fseek_unlocked_callee
   747                          	GLOBAL _fseek_unlocked
   748                          	GLOBAL _fscanf_unlocked
   749                          	GLOBAL _freopen_unlocked_callee
   750                          	GLOBAL _freopen_unlocked
   751                          	GLOBAL _fread_unlocked_callee
   752                          	GLOBAL _fread_unlocked
   753                          	GLOBAL _fputs_unlocked_callee
   754                          	GLOBAL _fputs_unlocked
   755                          	GLOBAL _fputc_unlocked_callee
   756                          	GLOBAL _fputc_unlocked
   757                          	GLOBAL _fprintf_unlocked
   758                          	GLOBAL _fileno_unlocked_fastcall
   759                          	GLOBAL _fileno_unlocked
   760                          	GLOBAL _fgets_unlocked_callee
   761                          	GLOBAL _fgets_unlocked
   762                          	GLOBAL _fgetpos_unlocked_callee
   763                          	GLOBAL _fgetpos_unlocked
   764                          	GLOBAL _fgetc_unlocked_fastcall
   765                          	GLOBAL _fgetc_unlocked
   766                          	GLOBAL _fflush_unlocked_fastcall
   767                          	GLOBAL _fflush_unlocked
   768                          	GLOBAL _ferror_unlocked_fastcall
   769                          	GLOBAL _ferror_unlocked
   770                          	GLOBAL _feof_unlocked_fastcall
   771                          	GLOBAL _feof_unlocked
   772                          	GLOBAL _fclose_unlocked_fastcall
   773                          	GLOBAL _fclose_unlocked
   774                          	GLOBAL _clearerr_unlocked_fastcall
   775                          	GLOBAL _clearerr_unlocked
   776                          	GLOBAL _vsscanf_callee
   777                          	GLOBAL _vsscanf
   778                          	GLOBAL _vsprintf_callee
   779                          	GLOBAL _vsprintf
   780                          	GLOBAL _vsnprintf_callee
   781                          	GLOBAL _vsnprintf
   782                          	GLOBAL _vscanf_callee
   783                          	GLOBAL _vscanf
   784                          	GLOBAL _vprintf_callee
   785                          	GLOBAL _vprintf
   786                          	GLOBAL _vfscanf_callee
   787                          	GLOBAL _vfscanf
   788                          	GLOBAL _vfprintf_callee
   789                          	GLOBAL _vfprintf
   790                          	GLOBAL _vasprintf_callee
   791                          	GLOBAL _vasprintf
   792                          	GLOBAL _ungetc_callee
   793                          	GLOBAL _ungetc
   794                          	GLOBAL _sscanf
   795                          	GLOBAL _sprintf
   796                          	GLOBAL _snprintf
   797                          	GLOBAL _scanf
   798                          	GLOBAL _rewind_fastcall
   799                          	GLOBAL _rewind
   800                          	GLOBAL _puts_fastcall
   801                          	GLOBAL _puts
   802                          	GLOBAL _putchar_fastcall
   803                          	GLOBAL _putchar
   804                          	GLOBAL _putc_callee
   805                          	GLOBAL _putc
   806                          	GLOBAL _printf
   807                          	GLOBAL _perror_fastcall
   808                          	GLOBAL _perror
   809                          	GLOBAL _open_memstream_callee
   810                          	GLOBAL _open_memstream
   811                          	GLOBAL _obstack_vprintf_callee
   812                          	GLOBAL _obstack_vprintf
   813                          	GLOBAL _obstack_printf
   814                          	GLOBAL _gets_fastcall
   815                          	GLOBAL _gets
   816                          	GLOBAL _getline_callee
   817                          	GLOBAL _getline
   818                          	GLOBAL _getdelim_callee
   819                          	GLOBAL _getdelim
   820                          	GLOBAL _getchar
   821                          	GLOBAL _getc_fastcall
   822                          	GLOBAL _getc
   823                          	GLOBAL _fwrite_callee
   824                          	GLOBAL _fwrite
   825                          	GLOBAL _funlockfile_fastcall
   826                          	GLOBAL _funlockfile
   827                          	GLOBAL _ftrylockfile_fastcall
   828                          	GLOBAL _ftrylockfile
   829                          	GLOBAL _ftell_fastcall
   830                          	GLOBAL _ftell
   831                          	GLOBAL _fsetpos_callee
   832                          	GLOBAL _fsetpos
   833                          	GLOBAL _fseek_callee
   834                          	GLOBAL _fseek
   835                          	GLOBAL _fscanf
   836                          	GLOBAL _freopen_callee
   837                          	GLOBAL _freopen
   838                          	GLOBAL _fread_callee
   839                          	GLOBAL _fread
   840                          	GLOBAL _fputs_callee
   841                          	GLOBAL _fputs
   842                          	GLOBAL _fputc_callee
   843                          	GLOBAL _fputc
   844                          	GLOBAL _fprintf
   845                          	GLOBAL _fopen_callee
   846                          	GLOBAL _fopen
   847                          	GLOBAL _fmemopen_callee
   848                          	GLOBAL _fmemopen
   849                          	GLOBAL _flockfile_fastcall
   850                          	GLOBAL _flockfile
   851                          	GLOBAL _fileno_fastcall
   852                          	GLOBAL _fileno
   853                          	GLOBAL _fgets_callee
   854                          	GLOBAL _fgets
   855                          	GLOBAL _fgetpos_callee
   856                          	GLOBAL _fgetpos
   857                          	GLOBAL _fgetc_fastcall
   858                          	GLOBAL _fgetc
   859                          	GLOBAL _fflush_fastcall
   860                          	GLOBAL _fflush
   861                          	GLOBAL _ferror_fastcall
   862                          	GLOBAL _ferror
   863                          	GLOBAL _feof_fastcall
   864                          	GLOBAL _feof
   865                          	GLOBAL _fdopen_callee
   866                          	GLOBAL _fdopen
   867                          	GLOBAL _fclose_fastcall
   868                          	GLOBAL _fclose
   869                          	GLOBAL _clearerr_fastcall
   870                          	GLOBAL _clearerr
   871                          	GLOBAL _asprintf
   872                          	GLOBAL __fmemopen__callee
   873                          	GLOBAL __fmemopen_
   874                          	GLOBAL _env_getenv_callee
   875                          	GLOBAL _env_getenv
   876                          	GLOBAL _getenv_ex_callee
   877                          	GLOBAL _getenv_ex
   878                          	GLOBAL _getenv_fastcall
   879                          	GLOBAL _getenv
   880                          	GLOBAL _mkstemp_ex_fastcall
   881                          	GLOBAL _mkstemp_ex
   882                          	GLOBAL _ulltoa_callee
   883                          	GLOBAL _ulltoa
   884                          	GLOBAL _strtoull_callee
   885                          	GLOBAL _strtoull
   886                          	GLOBAL _strtoll_callee
   887                          	GLOBAL _strtoll
   888                          	GLOBAL _lltoa_callee
   889                          	GLOBAL _lltoa
   890                          	GLOBAL _llabs_callee
   891                          	GLOBAL _llabs
   892                          	GLOBAL __lldivu__callee
   893                          	GLOBAL __lldivu_
   894                          	GLOBAL __lldiv__callee
   895                          	GLOBAL __lldiv_
   896                          	GLOBAL _atoll_callee
   897                          	GLOBAL _atoll
   898                          	GLOBAL _realloc_unlocked_callee
   899                          	GLOBAL _realloc_unlocked
   900                          	GLOBAL _malloc_unlocked_fastcall
   901                          	GLOBAL _malloc_unlocked
   902                          	GLOBAL _free_unlocked_fastcall
   903                          	GLOBAL _free_unlocked
   904                          	GLOBAL _calloc_unlocked_callee
   905                          	GLOBAL _calloc_unlocked
   906                          	GLOBAL _aligned_alloc_unlocked_callee
   907                          	GLOBAL _aligned_alloc_unlocked
   908                          	GLOBAL _realloc_callee
   909                          	GLOBAL _realloc
   910                          	GLOBAL _malloc_fastcall
   911                          	GLOBAL _malloc
   912                          	GLOBAL _free_fastcall
   913                          	GLOBAL _free
   914                          	GLOBAL _calloc_callee
   915                          	GLOBAL _calloc
   916                          	GLOBAL _aligned_alloc_callee
   917                          	GLOBAL _aligned_alloc
   918                          	GLOBAL _utoa_callee
   919                          	GLOBAL _utoa
   920                          	GLOBAL _ultoa_callee
   921                          	GLOBAL _ultoa
   922                          	GLOBAL _system_fastcall
   923                          	GLOBAL _system
   924                          	GLOBAL _strtoul_callee
   925                          	GLOBAL _strtoul
   926                          	GLOBAL _strtol_callee
   927                          	GLOBAL _strtol
   928                          	GLOBAL _strtof_callee
   929                          	GLOBAL _strtof
   930                          	GLOBAL _strtod_callee
   931                          	GLOBAL _strtod
   932                          	GLOBAL _srand_fastcall
   933                          	GLOBAL _srand
   934                          	GLOBAL _rand
   935                          	GLOBAL _quick_exit_fastcall
   936                          	GLOBAL _quick_exit
   937                          	GLOBAL _qsort_callee
   938                          	GLOBAL _qsort
   939                          	GLOBAL _ltoa_callee
   940                          	GLOBAL _ltoa
   941                          	GLOBAL _labs_fastcall
   942                          	GLOBAL _labs
   943                          	GLOBAL _itoa_callee
   944                          	GLOBAL _itoa
   945                          	GLOBAL _ftoh_callee
   946                          	GLOBAL _ftoh
   947                          	GLOBAL _ftog_callee
   948                          	GLOBAL _ftog
   949                          	GLOBAL _ftoe_callee
   950                          	GLOBAL _ftoe
   951                          	GLOBAL _ftoa_callee
   952                          	GLOBAL _ftoa
   953                          	GLOBAL _exit_fastcall
   954                          	GLOBAL _exit
   955                          	GLOBAL _dtoh_callee
   956                          	GLOBAL _dtoh
   957                          	GLOBAL _dtog_callee
   958                          	GLOBAL _dtog
   959                          	GLOBAL _dtoe_callee
   960                          	GLOBAL _dtoe
   961                          	GLOBAL _dtoa_callee
   962                          	GLOBAL _dtoa
   963                          	GLOBAL _bsearch_callee
   964                          	GLOBAL _bsearch
   965                          	GLOBAL _atol_fastcall
   966                          	GLOBAL _atol
   967                          	GLOBAL _atoi_fastcall
   968                          	GLOBAL _atoi
   969                          	GLOBAL _atof_fastcall
   970                          	GLOBAL _atof
   971                          	GLOBAL _atexit_fastcall
   972                          	GLOBAL _atexit
   973                          	GLOBAL _at_quick_exit_fastcall
   974                          	GLOBAL _at_quick_exit
   975                          	GLOBAL _abs_fastcall
   976                          	GLOBAL _abs
   977                          	GLOBAL _abort
   978                          	GLOBAL __strtou__callee
   979                          	GLOBAL __strtou_
   980                          	GLOBAL __strtoi__callee
   981                          	GLOBAL __strtoi_
   982                          	GLOBAL __random_uniform_xor_8__fastcall
   983                          	GLOBAL __random_uniform_xor_8_
   984                          	GLOBAL __random_uniform_xor_32__fastcall
   985                          	GLOBAL __random_uniform_xor_32_
   986                          	GLOBAL __random_uniform_cmwc_8__fastcall
   987                          	GLOBAL __random_uniform_cmwc_8_
   988                          	GLOBAL __shellsort__callee
   989                          	GLOBAL __shellsort_
   990                          	GLOBAL __quicksort__callee
   991                          	GLOBAL __quicksort_
   992                          	GLOBAL __insertion_sort__callee
   993                          	GLOBAL __insertion_sort_
   994                          	GLOBAL __ldivu__callee
   995                          	GLOBAL __ldivu_
   996                          	GLOBAL __ldiv__callee
   997                          	GLOBAL __ldiv_
   998                          	GLOBAL __divu__callee
   999                          	GLOBAL __divu_
  1000                          	GLOBAL __div__callee
  1001                          	GLOBAL __div_
  1002                          	GLOBAL _intrinsic_swap_word_32_fastcall
  1003                          	GLOBAL _intrinsic_swap_word_32
  1004                          	GLOBAL _intrinsic_swap_endian_32_fastcall
  1005                          	GLOBAL _intrinsic_swap_endian_32
  1006                          	GLOBAL _intrinsic_swap_endian_16_fastcall
  1007                          	GLOBAL _intrinsic_swap_endian_16
  1008                          	GLOBAL _intrinsic_return_de
  1009                          	GLOBAL _intrinsic_return_bc
  1010                          	GLOBAL _intrinsic_exx
  1011                          	GLOBAL _intrinsic_ex_de_hl
  1012                          	GLOBAL _intrinsic_nop
  1013                          	GLOBAL _intrinsic_im_2
  1014                          	GLOBAL _intrinsic_im_1
  1015                          	GLOBAL _intrinsic_im_0
  1016                          	GLOBAL _intrinsic_retn
  1017                          	GLOBAL _intrinsic_reti
  1018                          	GLOBAL _intrinsic_halt
  1019                          	GLOBAL _intrinsic_ei
  1020                          	GLOBAL _intrinsic_di
  1021                          	GLOBAL _intrinsic_stub
  1022                          	GLOBAL _intrinsic_ini
  1023                          	GLOBAL _intrinsic_outi
  1024                          	GLOBAL _intrinsic_ldi
  1025                          	GLOBAL _im2_remove_generic_callback_callee
  1026                          	GLOBAL _im2_remove_generic_callback
  1027                          	GLOBAL _im2_prepend_generic_callback_callee
  1028                          	GLOBAL _im2_prepend_generic_callback
  1029                          	GLOBAL _im2_append_generic_callback_callee
  1030                          	GLOBAL _im2_append_generic_callback
  1031                          	GLOBAL _im2_create_generic_isr_8080_callee
  1032                          	GLOBAL _im2_create_generic_isr_8080
  1033                          	GLOBAL _im2_create_generic_isr_callee
  1034                          	GLOBAL _im2_create_generic_isr
  1035                          	GLOBAL _im2_install_isr_callee
  1036                          	GLOBAL _im2_install_isr
  1037                          	GLOBAL _im2_init_fastcall
  1038                          	GLOBAL _im2_init
  1039                          	GLOBAL _RawKeys
  1040                          	GLOBAL _Keys
  1041                          	GLOBAL _Port123b
  1042                          	GLOBAL _VBlank
  1043                          	GLOBAL _errno
  1044                          	GLOBAL _GLOBAL_ZXN_PORT_DFFD
  1045                          	GLOBAL _GLOBAL_ZXN_PORT_7FFD
  1046                          	GLOBAL _GLOBAL_ZXN_PORT_1FFD
  1047                          	GLOBAL _GLOBAL_ZXN_PORT_FE
  1048                          	GLOBAL _GLOBAL_TS_PORT_FE
  1049                          	GLOBAL _GLOBAL_ZX_PORT_7FFD
  1050                          	GLOBAL _GLOBAL_ZX_PORT_1FFD
  1051                          	GLOBAL _GLOBAL_ZX_PORT_FE
  1052                          	GLOBAL _stderr
  1053                          	GLOBAL _stdout
  1054                          	GLOBAL _stdin
  1055                          	GLOBAL __MAX_FOPEN
  1056                          ;--------------------------------------------------------
  1057                          ; special function registers
  1058                          ;--------------------------------------------------------
  1059                          defc _IO_FE	=	0x00fe
  1060                          defc _IO_FF	=	0x00ff
  1061                          defc _IO_TIMEX_VIDEO_MODE	=	0x00ff
  1062                          defc _IO_1FFD	=	0x1ffd
  1063                          defc _IO_7FFD	=	0x7ffd
  1064                          defc _IO_DFFD	=	0xdffd
  1065                          defc _IO_0F	=	0x000f
  1066                          defc _IO_DAC_L0	=	0x000f
  1067                          defc _IO_1F	=	0x001f
  1068                          defc _IO_DAC_L1	=	0x001f
  1069                          defc _IO_4F	=	0x004f
  1070                          defc _IO_DAC_R0	=	0x004f
  1071                          defc _IO_5F	=	0x005f
  1072                          defc _IO_DAC_R1	=	0x005f
  1073                          defc _IO_DF	=	0x00df
  1074                          defc _IO_DAC_M0	=	0x00df
  1075                          defc _IO_FFFD	=	0xfffd
  1076                          defc _IO_TURBOSOUND	=	0xfffd
  1077                          defc _IO_AY_REG	=	0xfffd
  1078                          defc _IO_BFFD	=	0xbffd
  1079                          defc _IO_AY_DAT	=	0xbffd
  1080                          defc _IO_123B	=	0x123b
  1081                          defc _IO_LAYER_2_CONFIG	=	0x123b
  1082                          defc _IO_303B	=	0x303b
  1083                          defc _IO_SPRITE_SLOT	=	0x303b
  1084                          defc _IO_SPRITE_FLAGS	=	0x303b
  1085                          defc _IO_57	=	0x0057
  1086                          defc _IO_SPRITE_ATTRIBUTE	=	0x0057
  1087                          defc _IO_5B	=	0x005b
  1088                          defc _IO_SPRITE_PATTERN	=	0x005b
  1089                          defc _IO_143B	=	0x143b
  1090                          defc _IO_UART_RX	=	0x143b
  1091                          defc _IO_UART_BAUD_RATE	=	0x143b
  1092                          defc _IO_133B	=	0x133b
  1093                          defc _IO_UART_TX	=	0x133b
  1094                          defc _IO_UART_STATUS	=	0x133b
  1095                          defc _IO_6B	=	0x006b
  1096                          defc _IO_DMA	=	0x006b
  1097                          defc _IO_E3	=	0x00e3
  1098                          defc _IO_DIVIDE_CONTROL	=	0x00e3
  1099                          defc _IO_E7	=	0x00e7
  1100                          defc _IO_SPI_CONTROL	=	0x00e7
  1101                          defc _IO_SPI_STATUS	=	0x00e7
  1102                          defc _IO_EB	=	0x00eb
  1103                          defc _IO_SPI_DATA	=	0x00eb
  1104                          defc _IO_103B	=	0x103b
  1105                          defc _IO_I2C_SCL	=	0x103b
  1106                          defc _IO_113B	=	0x113b
  1107                          defc _IO_I2C_SDA	=	0x113b
  1108                          defc _IO_LED_L	=	0x103b
  1109                          defc _IO_243B	=	0x243b
  1110                          defc _IO_NEXTREG_REG	=	0x243b
  1111                          defc _IO_253B	=	0x253b
  1112                          defc _IO_NEXTREG_DAT	=	0x253b
  1113                          ;--------------------------------------------------------
  1114                          ; ram data
  1115                          ;--------------------------------------------------------
  1116                          	SECTION bss_compiler
  1117                          _GameState:
  1118  0000  00                	DEFS 1
  1119                          ;--------------------------------------------------------
  1120                          ; ram data
  1121                          ;--------------------------------------------------------
  1122                          
  1123                          IF 0
  1124                          
  1125                          ; .area _INITIALIZED removed by z88dk
  1126                          
  1127                          
  1128                          ENDIF
  1129                          
  1130                          ;--------------------------------------------------------
  1131                          ; absolute external ram data
  1132                          ;--------------------------------------------------------
  1133                          	SECTION IGNORE
  1134                          ;--------------------------------------------------------
  1135                          ; global & static initialisations
  1136                          ;--------------------------------------------------------
  1137                          	SECTION code_crt_init
  1138                          ;--------------------------------------------------------
  1139                          ; Home
  1140                          ;--------------------------------------------------------
  1141                          	SECTION code_home
  1142                          ;--------------------------------------------------------
  1143                          ; code
  1144                          ;--------------------------------------------------------
  1145                          	SECTION IGNORE
  1146                          
