C:/Users/benja/AppData/Local/Temp/zcc00005750A90C2.asm:
     1                          MODULE GamePlay_Asm_asm
     2                          LINE 0, "GamePlay_Asm.asm"
GamePlay_Asm.asm:
                                
     1                          
     2                              SECTION GAMEPLAY_SEG
     3                              PUBLIC _GamePlayTest
     4                              PUBLIC _sprites
     5                          
     6                              include "includes.inc"
includes.inc:
     1                          ; ******************************************************************************************************************************
     2                          ;
     3                          ;	Assembler Includes
     4                          ;
     5                          ; ******************************************************************************************************************************
     6                          
     7                          	; ULA screen
     8                                  defc ULAScreen = 0x4000                                     ; ULA screen in z80 64k space
     9                                  defc AttrScreen = ((ULAScreen)+(32*192))                    ; Attribute screen  in z80 64k space
    10                                  defc ULAScreenPysical = (10*8192)                           ; ULA screen physical address
    11                                  defc AttrScreenPysical = ((ULAScreenPysical)+(32*192))      ; Attribute screen physical address
    12                          
    13                          
    14                                  ; ports
    15                                  defc Z80DMAPORT  		= 107				; DMA port
    16                                  defc SpriteRegPort		= 0x57
    17                                  defc SpriteShapePort 		= 0x5b
    18                          
    19                          
    20                          	; half row 1
    21                                  defc VK_CAPS	=	0
    22                                  defc VK_Z	=	1
    23                                  defc VK_X	=	2
    24                                  defc VK_C	=	3
    25                                  defc VK_V	=	4
    26                          	; half row 2
    27                                  defc VK_A	=	5
    28                                  defc VK_S	=	6
    29                                  defc VK_D	=	7
    30                                  defc VK_F	=	8
    31                                  defc VK_G	=	9
    32                          	; half row 3
    33                                  defc VK_Q	=	10
    34                                  defc VK_W	=	11
    35                                  defc VK_E	=	12
    36                                  defc VK_R	=	13
    37                                  defc VK_T	=	14
    38                          	; half row 4
    39                                  defc VK_1	=	15
    40                                  defc VK_2	=	16
    41                                  defc VK_3	=	17
    42                                  defc VK_4	=	18
    43                                  defc VK_5	=	19
    44                          
    45                          	; half row 5
    46                                  defc VK_0	=	20
    47                                  defc VK_9	=	21
    48                                  defc VK_8	=	22
    49                                  defc VK_7	=	23
    50                                  defc VK_6	=	24
    51                          	; half row 6
    52                                  defc VK_P	=	25
    53                                  defc VK_O	=	26
    54                                  defc VK_I	=	27
    55                                  defc VK_U	=	28
    56                                  defc VK_Y	=	29
    57                          
    58                          	; half row 7
    59                                  defc VK_ENTER	=	30
    60                                  defc VK_L	=	31
    61                                  defc VK_K	=	32
    62                                  defc VK_J	=	33
    63                                  defc VK_H	=	34
    64                          	; half row 8
    65                                  defc VK_SPACE	=	35
    66                                  defc VK_SYM	=	36
    67                                  defc VK_M	=	37
    68                                  defc VK_N	=	38
    69                                  defc VK_B	=	39
    70                          
    71                          
    72                          
GamePlay_Asm.asm:
     7                          
     8                          _GamePlayTest:
     9  0000  f5                    push    af
    10  0001  3e01                  ld      a,1
    11  0003  00                    nop
    12  0004  3e02                  ld      a,2
    13  0006  f1                    pop     af
    14  0007  c9                    ret
    15                          
    16  0008  0000                  dw _GamePlayTest
    17  000a  48656c6c6f            db "Hello"
    18                          
    19                          _sprites:
    20  000f  e7e7e7e7e7e7e7e7  	db $E7, $E7, $E7, $E7, $E7, $E7, $E7, $E7, $E7, $E7, $E7, $11, $11, $E7, $E7, $E7
              e7e7e71111e7e7e7  
    21  001f  e7e7e7e7e7e7e7e7  	db $E7, $E7, $E7, $E7, $E7, $E7, $E7, $E7, $E7, $E7, $E7, $11, $42, $11, $11, $E7
              e7e7e711421111e7  
    22  002f  e7e7e7e7e7e7e7e7  	db $E7, $E7, $E7, $E7, $E7, $E7, $E7, $E7, $E7, $E7, $E7, $11, $42, $6D, $91, $11
              e7e7e711426d9111  
    23  003f  e7e7e7e7e7e7e7e7  	db $E7, $E7, $E7, $E7, $E7, $E7, $E7, $E7, $E7, $E7, $E7, $E7, $11, $42, $6D, $11
              e7e7e7e711426d11  
    24  004f  e7e7e7e7e7e7e7e7  	db $E7, $E7, $E7, $E7, $E7, $E7, $E7, $E7, $E7, $E7, $E7, $E7, $11, $11, $42, $11
              e7e7e7e711114211  
    25  005f  e7e7e7e7e7e7e7e7  	db $E7, $E7, $E7, $E7, $E7, $E7, $E7, $E7, $11, $E7, $11, $11, $91, $91, $11, $E7
              11e71111919111e7  
    26  006f  e7e7e7e7e7e71111  	db $E7, $E7, $E7, $E7, $E7, $E7, $11, $11, $43, $11, $11, $6D, $42, $91, $11, $11
              4311116d42911111  
    27  007f  e7e7e71111111143  	db $E7, $E7, $E7, $11, $11, $11, $11, $43, $91, $11, $43, $6D, $11, $11, $5F, $11
              9111436d11115f11  
    28  008f  e7e7114242173c91  	db $E7, $E7, $11, $42, $42, $17, $3C, $91, $6D, $11, $43, $11, $3C, $42, $8A, $3C
              6d1143113c428a3c  
    29  009f  e7114291913c423c  	db $E7, $11, $42, $91, $91, $3C, $42, $3C, $42, $11, $11, $5F, $11, $42, $FA, $11
              4211115f1142fa11  
    30  00af  e711111117421111  	db $E7, $11, $11, $11, $17, $42, $11, $11, $42, $42, $11, $11, $5F, $11, $5F, $43
              424211115f115f43  
    31  00bf  e7e7e7113c421158  	db $E7, $E7, $E7, $11, $3C, $42, $11, $58, $6D, $6D, $11, $43, $11, $11, $11, $11
              6d6d114311111111  
    32  00cf  e7e7e7114210423c  	db $E7, $E7, $E7, $11, $42, $10, $42, $3C, $6D, $91, $11, $43, $3C, $11, $E7, $E7
              6d9111433c11e7e7  
    33  00df  e7e711113c42103c  	db $E7, $E7, $11, $11, $3C, $42, $10, $3C, $35, $91, $11, $11, $42, $91, $11, $E7
              35911111429111e7  
    34  00ef  e711429111171158  	db $E7, $11, $42, $91, $11, $17, $11, $58, $3B, $35, $11, $E7, $11, $91, $11, $11
              3b3511e711911111  
    35  00ff  e711111111111111  	db $E7, $11, $11, $11, $11, $11, $11, $11, $35, $6D, $11, $E7, $11, $35, $3B, $5F
              356d11e711353b5f  
    36  010f  e7e7e7e7e7e7e7e7  	db $E7, $E7, $E7, $E7, $E7, $E7, $E7, $E7, $E7, $E7, $11, $11, $E7, $E7, $E7, $E7
              e7e71111e7e7e7e7  
    37  011f  e7e7e7e7e7e7e7e7  	db $E7, $E7, $E7, $E7, $E7, $E7, $E7, $E7, $E7, $E7, $11, $42, $11, $11, $E7, $E7
              e7e711421111e7e7  
    38  012f  e7e7e7e7e7e7e7e7  	db $E7, $E7, $E7, $E7, $E7, $E7, $E7, $E7, $E7, $E7, $11, $42, $6D, $91, $11, $E7
              e7e711426d9111e7  
    39  013f  e7e7e7e7e7e7e7e7  	db $E7, $E7, $E7, $E7, $E7, $E7, $E7, $E7, $E7, $E7, $E7, $11, $42, $6D, $11, $E7
              e7e7e711426d11e7  
    40  014f  e7e7e7e7e7e7e7e7  	db $E7, $E7, $E7, $E7, $E7, $E7, $E7, $E7, $E7, $E7, $E7, $11, $42, $42, $11, $E7
              e7e7e711424211e7  
    41  015f  e7e7e7e7e7e7e711  	db $E7, $E7, $E7, $E7, $E7, $E7, $E7, $11, $E7, $11, $11, $11, $3C, $11, $E7, $E7
              e71111113c11e7e7  
    42  016f  e7e7e7e7e7111143  	db $E7, $E7, $E7, $E7, $E7, $11, $11, $43, $11, $11, $91, $91, $11, $11, $3C, $11
              1111919111113c11  
    43  017f  e7e7111111114391  	db $E7, $E7, $11, $11, $11, $11, $43, $91, $11, $43, $42, $91, $11, $5F, $3C, $11
              11434291115f3c11  
    44  018f  e7114242173c916d  	db $E7, $11, $42, $42, $17, $3C, $91, $6D, $11, $43, $11, $3C, $42, $8A, $11, $E7
              1143113c428a11e7  
    45  019f  114291913c423c42  	db $11, $42, $91, $91, $3C, $42, $3C, $42, $11, $11, $5F, $11, $42, $FA, $11, $E7
              11115f1142fa11e7  
    46  01af  1111111742111142  	db $11, $11, $11, $17, $42, $11, $11, $42, $42, $11, $11, $5F, $11, $5F, $11, $11
              4211115f115f1111  
    47  01bf  e7e7113c4211586d  	db $E7, $E7, $11, $3C, $42, $11, $58, $6D, $6D, $11, $43, $11, $11, $11, $43, $43
              6d11431111114343  
    48  01cf  e7e7114210423c6d  	db $E7, $E7, $11, $42, $10, $42, $3C, $6D, $91, $11, $43, $3C, $11, $E7, $11, $11
              9111433c11e71111  
    49  01df  e711113c42103c35  	db $E7, $11, $11, $3C, $42, $10, $3C, $35, $91, $11, $11, $42, $91, $11, $E7, $E7
              911111429111e7e7  
    50  01ef  114291111711583b  	db $11, $42, $91, $11, $17, $11, $58, $3B, $35, $11, $E7, $11, $91, $11, $11, $E7
              3511e711911111e7  
    51  01ff  1111111111111135  	db $11, $11, $11, $11, $11, $11, $11, $35, $6D, $11, $E7, $11, $35, $3B, $5F, $11
              6d11e711353b5f11  
    52  020f  e7e7e7e7e7e7e7e7  	db $E7, $E7, $E7, $E7, $E7, $E7, $E7, $E7, $E7, $E7, $11, $11, $E7, $E7, $E7, $E7
              e7e71111e7e7e7e7  
    53  021f  e7e7e7e7e7e7e7e7  	db $E7, $E7, $E7, $E7, $E7, $E7, $E7, $E7, $E7, $E7, $11, $42, $11, $11, $E7, $E7
              e7e711421111e7e7  
    54  022f  e7e7e7e7e7e7e7e7  	db $E7, $E7, $E7, $E7, $E7, $E7, $E7, $E7, $E7, $E7, $11, $42, $6D, $91, $11, $E7
              e7e711426d9111e7  
    55  023f  e7e7e7e7e7e7e7e7  	db $E7, $E7, $E7, $E7, $E7, $E7, $E7, $E7, $E7, $E7, $E7, $11, $42, $6D, $11, $E7
              e7e7e711426d11e7  
    56  024f  e7e7e7e7e7e7e7e7  	db $E7, $E7, $E7, $E7, $E7, $E7, $E7, $E7, $E7, $E7, $E7, $11, $42, $42, $11, $E7
              e7e7e711424211e7  
    57  025f  e7e7e7e7e7e7e7e7  	db $E7, $E7, $E7, $E7, $E7, $E7, $E7, $E7, $11, $E7, $11, $11, $11, $11, $E7, $E7
              11e711111111e7e7  
    58  026f  e7e7e7e7e7e71111  	db $E7, $E7, $E7, $E7, $E7, $E7, $11, $11, $43, $11, $11, $91, $91, $11, $11, $11
              4311119191111111  
    59  027f  e7e7e71111111143  	db $E7, $E7, $E7, $11, $11, $11, $11, $43, $91, $11, $43, $42, $91, $11, $5F, $11
              9111434291115f11  
    60  028f  e7e7114242173c91  	db $E7, $E7, $11, $42, $42, $17, $3C, $91, $6D, $11, $43, $11, $3C, $42, $8A, $11
              6d1143113c428a11  
    61  029f  e7114291913c423c  	db $E7, $11, $42, $91, $91, $3C, $42, $3C, $42, $11, $11, $5F, $11, $42, $FA, $11
              4211115f1142fa11  
    62  02af  e711111117421111  	db $E7, $11, $11, $11, $17, $42, $11, $11, $42, $42, $11, $11, $5F, $11, $5F, $43
              424211115f115f43  
    63  02bf  e7e7e7113c421158  	db $E7, $E7, $E7, $11, $3C, $42, $11, $58, $6D, $6D, $11, $43, $11, $11, $11, $11
              6d6d114311111111  
    64  02cf  e7e7e7114210423c  	db $E7, $E7, $E7, $11, $42, $10, $42, $3C, $6D, $91, $11, $43, $3C, $11, $E7, $E7
              6d9111433c11e7e7  
    65  02df  e7e711113c42103c  	db $E7, $E7, $11, $11, $3C, $42, $10, $3C, $35, $91, $11, $11, $42, $91, $11, $E7
              35911111429111e7  
    66  02ef  e711429111171158  	db $E7, $11, $42, $91, $11, $17, $11, $58, $3B, $35, $11, $E7, $11, $91, $11, $11
              3b3511e711911111  
    67  02ff  e711111111111111  	db $E7, $11, $11, $11, $11, $11, $11, $11, $35, $6D, $11, $E7, $11, $35, $3B, $5F
              356d11e711353b5f  
    68  030f  e7e7e7e7e7e7e7e7  	db $E7, $E7, $E7, $E7, $E7, $E7, $E7, $E7, $E7, $E7, $11, $11, $11, $11, $E7, $E7
              e7e711111111e7e7  
    69  031f  e7e7e7e7e7e7e7e7  	db $E7, $E7, $E7, $E7, $E7, $E7, $E7, $E7, $E7, $E7, $11, $42, $6D, $6D, $11, $11
              e7e711426d6d1111  
    70  032f  e7e7e7e7e7e7e7e7  	db $E7, $E7, $E7, $E7, $E7, $E7, $E7, $E7, $E7, $E7, $E7, $11, $42, $42, $6D, $11
              e7e7e71142426d11  
    71  033f  e7e7e7e7e7e7e7e7  	db $E7, $E7, $E7, $E7, $E7, $E7, $E7, $E7, $E7, $E7, $E7, $E7, $11, $11, $42, $11
              e7e7e7e711114211  
    72  034f  e7e7e7e7e7e7e7e7  	db $E7, $E7, $E7, $E7, $E7, $E7, $E7, $E7, $E7, $11, $E7, $11, $11, $91, $91, $11
              e711e71111919111  
    73  035f  e7e7e7e7e7e7e711  	db $E7, $E7, $E7, $E7, $E7, $E7, $E7, $11, $11, $43, $11, $11, $6D, $42, $91, $11
              114311116d429111  
    74  036f  e7e7e7e711111111  	db $E7, $E7, $E7, $E7, $11, $11, $11, $11, $43, $91, $11, $43, $6D, $11, $11, $5F
              439111436d11115f  
    75  037f  e7e7e7114242173c  	db $E7, $E7, $E7, $11, $42, $42, $17, $3C, $91, $6D, $11, $43, $11, $3C, $42, $8A
              916d1143113c428a  
    76  038f  e7e7114291913c42  	db $E7, $E7, $11, $42, $91, $91, $3C, $42, $3C, $42, $11, $11, $5F, $11, $42, $FA
              3c4211115f1142fa  
    77  039f  e7e7111111174211  	db $E7, $E7, $11, $11, $11, $17, $42, $11, $11, $42, $42, $11, $11, $5F, $11, $5F
              11424211115f115f  
    78  03af  e7e7e7e7113c4211  	db $E7, $E7, $E7, $E7, $11, $3C, $42, $11, $58, $6D, $6D, $11, $43, $11, $11, $11
              586d6d1143111111  
    79  03bf  e7e7e7e711421042  	db $E7, $E7, $E7, $E7, $11, $42, $10, $42, $3C, $6D, $91, $11, $43, $3C, $11, $E7
              3c6d9111433c11e7  
    80  03cf  e7e7e711113c4210  	db $E7, $E7, $E7, $11, $11, $3C, $42, $10, $3C, $35, $91, $11, $11, $42, $91, $11
              3c35911111429111  
    81  03df  e7e7114291111711  	db $E7, $E7, $11, $42, $91, $11, $17, $11, $58, $3B, $35, $11, $E7, $11, $91, $11
              583b3511e7119111  
    82  03ef  e7e7111111111111  	db $E7, $E7, $11, $11, $11, $11, $11, $11, $11, $35, $6D, $11, $E7, $11, $35, $3B
              11356d11e711353b  
    83  03ff  e7e7e7e7e7e7e7e7  	db $E7, $E7, $E7, $E7, $E7, $E7, $E7, $E7, $E7, $11, $11, $E7, $E7, $E7, $11, $43
              e71111e7e7e71143  
    84  040f  e7e7e7e7e7e7e7e7  	db $E7, $E7, $E7, $E7, $E7, $E7, $E7, $E7, $E7, $E7, $11, $11, $11, $11, $E7, $E7
              e7e711111111e7e7  
    85  041f  e7e7e7e7e7e7e7e7  	db $E7, $E7, $E7, $E7, $E7, $E7, $E7, $E7, $E7, $E7, $11, $42, $6D, $6D, $11, $11
              e7e711426d6d1111  
    86  042f  e7e7e7e7e7e7e7e7  	db $E7, $E7, $E7, $E7, $E7, $E7, $E7, $E7, $E7, $E7, $E7, $11, $42, $42, $6D, $11
              e7e7e71142426d11  
    87  043f  e7e7e7e7e7e7e7e7  	db $E7, $E7, $E7, $E7, $E7, $E7, $E7, $E7, $E7, $E7, $E7, $E7, $11, $11, $42, $11
              e7e7e7e711114211  
    88  044f  e7e7e7e7e7e7e7e7  	db $E7, $E7, $E7, $E7, $E7, $E7, $E7, $E7, $11, $E7, $11, $11, $91, $91, $11, $E7
              11e71111919111e7  
    89  045f  e7e7e7e7e7e71111  	db $E7, $E7, $E7, $E7, $E7, $E7, $11, $11, $43, $11, $11, $6D, $42, $91, $11, $11
              4311116d42911111  
    90  046f  e7e7e7e711111143  	db $E7, $E7, $E7, $E7, $11, $11, $11, $43, $91, $11, $43, $6D, $11, $11, $5F, $3C
              9111436d11115f3c  
    91  047f  e7e7e71142173c91  	db $E7, $E7, $E7, $11, $42, $17, $3C, $91, $6D, $11, $43, $11, $3C, $42, $8A, $11
              6d1143113c428a11  
    92  048f  e7e71142913c423c  	db $E7, $E7, $11, $42, $91, $3C, $42, $3C, $42, $11, $11, $5F, $11, $42, $FA, $43
              4211115f1142fa43  
    93  049f  e7e7111117421111  	db $E7, $E7, $11, $11, $17, $42, $11, $11, $42, $42, $11, $11, $5F, $11, $5F, $11
              424211115f115f11  
    94  04af  e7e7e7113c421158  	db $E7, $E7, $E7, $11, $3C, $42, $11, $58, $6D, $6D, $11, $43, $11, $11, $11, $11
              6d6d114311111111  
    95  04bf  e7e7e7114210423c  	db $E7, $E7, $E7, $11, $42, $10, $42, $3C, $6D, $91, $11, $43, $3C, $11, $E7, $E7
              6d9111433c11e7e7  
    96  04cf  e7e7e7113c42103c  	db $E7, $E7, $E7, $11, $3C, $42, $10, $3C, $35, $91, $11, $11, $42, $91, $11, $E7
              35911111429111e7  
    97  04df  e7e7114211171158  	db $E7, $E7, $11, $42, $11, $17, $11, $58, $3B, $35, $11, $E7, $11, $91, $11, $11
              3b3511e711911111  
    98  04ef  e7e7111111111111  	db $E7, $E7, $11, $11, $11, $11, $11, $11, $35, $6D, $11, $E7, $11, $35, $3B, $5F
              356d11e711353b5f  
    99  04ff  e7e7e7e7e7e7e7e7  	db $E7, $E7, $E7, $E7, $E7, $E7, $E7, $E7, $11, $11, $E7, $E7, $E7, $11, $43, $11
              1111e7e7e7114311  
   100  050f  e7e7e7e7e7e7e7e7  	db $E7, $E7, $E7, $E7, $E7, $E7, $E7, $E7, $E7, $E7, $11, $11, $11, $11, $E7, $E7
              e7e711111111e7e7  
   101  051f  e7e7e7e7e7e7e7e7  	db $E7, $E7, $E7, $E7, $E7, $E7, $E7, $E7, $E7, $E7, $11, $42, $6D, $91, $11, $E7
              e7e711426d9111e7  
   102  052f  e7e7e7e7e7e7e7e7  	db $E7, $E7, $E7, $E7, $E7, $E7, $E7, $E7, $E7, $E7, $E7, $11, $42, $6D, $11, $E7
              e7e7e711426d11e7  
   103  053f  e7e7e7e7e7e7e7e7  	db $E7, $E7, $E7, $E7, $E7, $E7, $E7, $E7, $E7, $E7, $E7, $11, $11, $42, $11, $E7
              e7e7e711114211e7  
   104  054f  e7e7e7e7e7e7e711  	db $E7, $E7, $E7, $E7, $E7, $E7, $E7, $11, $E7, $11, $11, $91, $91, $11, $11, $E7
              e7111191911111e7  
   105  055f  e7e7e7e7e7111143  	db $E7, $E7, $E7, $E7, $E7, $11, $11, $43, $11, $11, $6D, $42, $91, $11, $11, $11
              11116d4291111111  
   106  056f  e7e7e71111114391  	db $E7, $E7, $E7, $11, $11, $11, $43, $91, $11, $43, $6D, $11, $11, $5F, $3C, $3C
              11436d11115f3c3c  
   107  057f  e7e71142173c916d  	db $E7, $E7, $11, $42, $17, $3C, $91, $6D, $11, $43, $11, $3C, $42, $8A, $11, $11
              1143113c428a1111  
   108  058f  e71142913c423c42  	db $E7, $11, $42, $91, $3C, $42, $3C, $42, $11, $11, $5F, $11, $42, $FA, $11, $E7
              11115f1142fa11e7  
   109  059f  e711111742111142  	db $E7, $11, $11, $17, $42, $11, $11, $42, $42, $11, $11, $5F, $11, $5F, $43, $E7
              4211115f115f43e7  
   110  05af  e7e7113c4211586d  	db $E7, $E7, $11, $3C, $42, $11, $58, $6D, $6D, $11, $43, $11, $11, $11, $11, $E7
              6d114311111111e7  
   111  05bf  e7e7114210423c6d  	db $E7, $E7, $11, $42, $10, $42, $3C, $6D, $91, $11, $43, $3C, $11, $E7, $E7, $E7
              9111433c11e7e7e7  
   112  05cf  e7e7113c42103c35  	db $E7, $E7, $11, $3C, $42, $10, $3C, $35, $91, $11, $11, $42, $11, $E7, $E7, $E7
              9111114211e7e7e7  
   113  05df  e71142111711583b  	db $E7, $11, $42, $11, $17, $11, $58, $3B, $35, $11, $E7, $11, $91, $11, $E7, $E7
              3511e7119111e7e7  
   114  05ef  e711111111111135  	db $E7, $11, $11, $11, $11, $11, $11, $35, $6D, $11, $E7, $11, $91, $11, $11, $E7
              6d11e711911111e7  
   115  05ff  e7e7e7e7e7e7e711  	db $E7, $E7, $E7, $E7, $E7, $E7, $E7, $11, $11, $E7, $E7, $11, $35, $3B, $5F, $11
              11e7e711353b5f11  
   116  060f  e7e7e7e7e7e7e7e7  	db $E7, $E7, $E7, $E7, $E7, $E7, $E7, $E7, $E7, $E7, $E7, $11, $11, $11, $11, $E7
              e7e7e711111111e7  
   117  061f  e7e7e7e7e7e7e7e7  	db $E7, $E7, $E7, $E7, $E7, $E7, $E7, $E7, $E7, $E7, $E7, $11, $42, $6D, $91, $11
              e7e7e711426d9111  
   118  062f  e7e7e7e7e7e7e7e7  	db $E7, $E7, $E7, $E7, $E7, $E7, $E7, $E7, $E7, $E7, $E7, $E7, $11, $42, $6D, $11
              e7e7e7e711426d11  
   119  063f  e7e7e7e7e7e7e7e7  	db $E7, $E7, $E7, $E7, $E7, $E7, $E7, $E7, $E7, $E7, $E7, $E7, $11, $11, $42, $11
              e7e7e7e711114211  
   120  064f  e7e7e7e7e7e7e7e7  	db $E7, $E7, $E7, $E7, $E7, $E7, $E7, $E7, $11, $E7, $11, $11, $91, $91, $11, $E7
              11e71111919111e7  
   121  065f  e7e7e7e7e7e71111  	db $E7, $E7, $E7, $E7, $E7, $E7, $11, $11, $43, $11, $11, $6D, $42, $91, $11, $11
              4311116d42911111  
   122  066f  e7e7e71111111143  	db $E7, $E7, $E7, $11, $11, $11, $11, $43, $91, $11, $43, $6D, $11, $11, $5F, $11
              9111436d11115f11  
   123  067f  e7e7114242173c91  	db $E7, $E7, $11, $42, $42, $17, $3C, $91, $6D, $11, $43, $11, $3C, $42, $8A, $3C
              6d1143113c428a3c  
   124  068f  e7114291913c423c  	db $E7, $11, $42, $91, $91, $3C, $42, $3C, $42, $11, $11, $5F, $11, $42, $FA, $11
              4211115f1142fa11  
   125  069f  e711111117421111  	db $E7, $11, $11, $11, $17, $42, $11, $11, $42, $42, $11, $11, $5F, $11, $5F, $11
              424211115f115f11  
   126  06af  e7e7e7113c421158  	db $E7, $E7, $E7, $11, $3C, $42, $11, $58, $6D, $6D, $11, $43, $11, $11, $11, $E7
              6d6d1143111111e7  
   127  06bf  e7e7e7114210423c  	db $E7, $E7, $E7, $11, $42, $10, $42, $3C, $6D, $91, $11, $43, $3C, $11, $E7, $E7
              6d9111433c11e7e7  
   128  06cf  e7e711113c42103c  	db $E7, $E7, $11, $11, $3C, $42, $10, $3C, $35, $91, $11, $11, $42, $11, $E7, $E7
              359111114211e7e7  
   129  06df  e711429111171158  	db $E7, $11, $42, $91, $11, $17, $11, $58, $3B, $35, $11, $E7, $11, $91, $11, $E7
              3b3511e7119111e7  
   130  06ef  e711111111111111  	db $E7, $11, $11, $11, $11, $11, $11, $11, $35, $6D, $11, $E7, $11, $91, $11, $11
              356d11e711911111  
   131  06ff  e7e7e7e7e7e7e7e7  	db $E7, $E7, $E7, $E7, $E7, $E7, $E7, $E7, $11, $11, $E7, $E7, $11, $35, $3B, $5F
              1111e7e711353b5f  
   132  070f  e7e7e7e7e7e7e7e7  	db $E7, $E7, $E7, $E7, $E7, $E7, $E7, $E7, $E7, $E7, $E7, $E7, $11, $11, $E7, $E7
              e7e7e7e71111e7e7  
   133  071f  e7e7e7e7e7e7e7e7  	db $E7, $E7, $E7, $E7, $E7, $E7, $E7, $E7, $E7, $E7, $E7, $E7, $11, $42, $11, $11
              e7e7e7e711421111  
   134  072f  e7e7e7e7e7e7e7e7  	db $E7, $E7, $E7, $E7, $E7, $E7, $E7, $E7, $E7, $E7, $E7, $E7, $11, $42, $6D, $91
              e7e7e7e711426d91  
   135  073f  e7e7e7e7e7e7e7e7  	db $E7, $E7, $E7, $E7, $E7, $E7, $E7, $E7, $E7, $E7, $E7, $E7, $E7, $11, $42, $6D
              e7e7e7e7e711426d  
   136  074f  e7e7e7e7e7e7e7e7  	db $E7, $E7, $E7, $E7, $E7, $E7, $E7, $E7, $E7, $E7, $E7, $E7, $E7, $11, $11, $42
              e7e7e7e7e7111142  
   137  075f  e7e7e7e7e7e7e7e7  	db $E7, $E7, $E7, $E7, $E7, $E7, $E7, $E7, $E7, $11, $E7, $11, $11, $91, $91, $11
              e711e71111919111  
   138  076f  e7e7e7e7e7e7e711  	db $E7, $E7, $E7, $E7, $E7, $E7, $E7, $11, $11, $43, $11, $11, $6D, $42, $91, $11
              114311116d429111  
   139  077f  e7e7e7e711111111  	db $E7, $E7, $E7, $E7, $11, $11, $11, $11, $43, $91, $11, $43, $6D, $11, $11, $5F
              439111436d11115f  
   140  078f  e7e7e7114242173c  	db $E7, $E7, $E7, $11, $42, $42, $17, $3C, $91, $6D, $11, $43, $11, $3C, $42, $8A
              916d1143113c428a  
   141  079f  e7e7114291913c42  	db $E7, $E7, $11, $42, $91, $91, $3C, $42, $3C, $42, $11, $11, $5F, $11, $42, $FA
              3c4211115f1142fa  
   142  07af  e7e7111111174211  	db $E7, $E7, $11, $11, $11, $17, $42, $11, $11, $42, $42, $11, $11, $5F, $11, $5F
              11424211115f115f  
   143  07bf  e7e7e7e7113c4211  	db $E7, $E7, $E7, $E7, $11, $3C, $42, $11, $58, $6D, $6D, $11, $43, $11, $11, $11
              586d6d1143111111  
   144  07cf  e7e7e7e711421042  	db $E7, $E7, $E7, $E7, $11, $42, $10, $42, $3C, $6D, $91, $11, $43, $3C, $11, $E7
              3c6d9111433c11e7  
   145  07df  e7e7e711113c4210  	db $E7, $E7, $E7, $11, $11, $3C, $42, $10, $3C, $35, $91, $11, $11, $42, $91, $11
              3c35911111429111  
   146  07ef  e7e7114291111711  	db $E7, $E7, $11, $42, $91, $11, $17, $11, $58, $3B, $35, $11, $E7, $11, $91, $11
              583b3511e7119111  
   147  07ff  e7e7111111111111  	db $E7, $E7, $11, $11, $11, $11, $11, $11, $11, $35, $6D, $11, $E7, $11, $35, $3B
              11356d11e711353b  
   148                          
