C:/Users/benja/AppData/Local/Temp/zcc0000012CB3542.asm:
     1                          MODULE main_c
     2                          LINE 0, "main.c"
main.c:
                                
     1                          ;--------------------------------------------------------
     2                          ; File Created by SDCC : free open source ISO C Compiler
     3                          ; Version 4.5.0 #15242 (MINGW64)
     4                          ;--------------------------------------------------------
     5                          ; Processed by Z88DK
     6                          ;--------------------------------------------------------
     7                          
     8                          	EXTERN __divschar
     9                          	EXTERN __divschar_callee
    10                          	EXTERN __divsint
    11                          	EXTERN __divsint_callee
    12                          	EXTERN __divslong
    13                          	EXTERN __divslong_callee
    14                          	EXTERN __divslonglong
    15                          	EXTERN __divslonglong_callee
    16                          	EXTERN __divsuchar
    17                          	EXTERN __divsuchar_callee
    18                          	EXTERN __divuchar
    19                          	EXTERN __divuchar_callee
    20                          	EXTERN __divuint
    21                          	EXTERN __divuint_callee
    22                          	EXTERN __divulong
    23                          	EXTERN __divulong_callee
    24                          	EXTERN __divulonglong
    25                          	EXTERN __divulonglong_callee
    26                          	EXTERN __divuschar
    27                          	EXTERN __divuschar_callee
    28                          	EXTERN __modschar
    29                          	EXTERN __modschar_callee
    30                          	EXTERN __modsint
    31                          	EXTERN __modsint_callee
    32                          	EXTERN __modslong
    33                          	EXTERN __modslong_callee
    34                          	EXTERN __modslonglong
    35                          	EXTERN __modslonglong_callee
    36                          	EXTERN __modsuchar
    37                          	EXTERN __modsuchar_callee
    38                          	EXTERN __moduchar
    39                          	EXTERN __moduchar_callee
    40                          	EXTERN __moduint
    41                          	EXTERN __moduint_callee
    42                          	EXTERN __modulong
    43                          	EXTERN __modulong_callee
    44                          	EXTERN __modulonglong
    45                          	EXTERN __modulonglong_callee
    46                          	EXTERN __moduschar
    47                          	EXTERN __moduschar_callee
    48                          	EXTERN __mulint
    49                          	EXTERN __mulint_callee
    50                          	EXTERN __mullong
    51                          	EXTERN __mullong_callee
    52                          	EXTERN __mullonglong
    53                          	EXTERN __mullonglong_callee
    54                          	EXTERN __mulschar
    55                          	EXTERN __mulschar_callee
    56                          	EXTERN __mulsuchar
    57                          	EXTERN __mulsuchar_callee
    58                          	EXTERN __muluchar
    59                          	EXTERN __muluchar_callee
    60                          	EXTERN __muluschar
    61                          	EXTERN __muluschar_callee
    62                          	EXTERN __rlslonglong
    63                          	EXTERN __rlslonglong_callee
    64                          	EXTERN __rlulonglong
    65                          	EXTERN __rlulonglong_callee
    66                          	EXTERN __rrslonglong
    67                          	EXTERN __rrslonglong_callee
    68                          	EXTERN __rrulonglong
    69                          	EXTERN __rrulonglong_callee
    70                          	EXTERN ___mulsint2slong
    71                          	EXTERN ___mulsint2slong_callee
    72                          	EXTERN ___muluint2ulong
    73                          	EXTERN ___muluint2ulong_callee
    74                          	EXTERN ___sdcc_call_hl
    75                          	EXTERN ___sdcc_call_iy
    76                          	EXTERN ___sdcc_enter_ix
    77                          	EXTERN banked_call
    78                          	EXTERN _banked_ret
    79                          	EXTERN ___fs2schar
    80                          	EXTERN ___fs2schar_callee
    81                          	EXTERN ___fs2sint
    82                          	EXTERN ___fs2sint_callee
    83                          	EXTERN ___fs2slong
    84                          	EXTERN ___fs2slong_callee
    85                          	EXTERN ___fs2slonglong
    86                          	EXTERN ___fs2slonglong_callee
    87                          	EXTERN ___fs2uchar
    88                          	EXTERN ___fs2uchar_callee
    89                          	EXTERN ___fs2uint
    90                          	EXTERN ___fs2uint_callee
    91                          	EXTERN ___fs2ulong
    92                          	EXTERN ___fs2ulong_callee
    93                          	EXTERN ___fs2ulonglong
    94                          	EXTERN ___fs2ulonglong_callee
    95                          	EXTERN ___fsadd
    96                          	EXTERN ___fsadd_callee
    97                          	EXTERN ___fsdiv
    98                          	EXTERN ___fsdiv_callee
    99                          	EXTERN ___fseq
   100                          	EXTERN ___fseq_callee
   101                          	EXTERN ___fsgt
   102                          	EXTERN ___fsgt_callee
   103                          	EXTERN ___fslt
   104                          	EXTERN ___fslt_callee
   105                          	EXTERN ___fsmul
   106                          	EXTERN ___fsmul_callee
   107                          	EXTERN ___fsneq
   108                          	EXTERN ___fsneq_callee
   109                          	EXTERN ___fssub
   110                          	EXTERN ___fssub_callee
   111                          	EXTERN ___schar2fs
   112                          	EXTERN ___schar2fs_callee
   113                          	EXTERN ___sint2fs
   114                          	EXTERN ___sint2fs_callee
   115                          	EXTERN ___slong2fs
   116                          	EXTERN ___slong2fs_callee
   117                          	EXTERN ___slonglong2fs
   118                          	EXTERN ___slonglong2fs_callee
   119                          	EXTERN ___uchar2fs
   120                          	EXTERN ___uchar2fs_callee
   121                          	EXTERN ___uint2fs
   122                          	EXTERN ___uint2fs_callee
   123                          	EXTERN ___ulong2fs
   124                          	EXTERN ___ulong2fs_callee
   125                          	EXTERN ___ulonglong2fs
   126                          	EXTERN ___ulonglong2fs_callee
   127                          	EXTERN ____sdcc_2_copy_src_mhl_dst_deix
   128                          	EXTERN ____sdcc_2_copy_src_mhl_dst_bcix
   129                          	EXTERN ____sdcc_4_copy_src_mhl_dst_deix
   130                          	EXTERN ____sdcc_4_copy_src_mhl_dst_bcix
   131                          	EXTERN ____sdcc_4_copy_src_mhl_dst_mbc
   132                          	EXTERN ____sdcc_4_ldi_nosave_bc
   133                          	EXTERN ____sdcc_4_ldi_save_bc
   134                          	EXTERN ____sdcc_4_push_hlix
   135                          	EXTERN ____sdcc_4_push_mhl
   136                          	EXTERN ____sdcc_lib_setmem_hl
   137                          	EXTERN ____sdcc_ll_add_de_bc_hl
   138                          	EXTERN ____sdcc_ll_add_de_bc_hlix
   139                          	EXTERN ____sdcc_ll_add_de_hlix_bc
   140                          	EXTERN ____sdcc_ll_add_de_hlix_bcix
   141                          	EXTERN ____sdcc_ll_add_deix_bc_hl
   142                          	EXTERN ____sdcc_ll_add_deix_hlix
   143                          	EXTERN ____sdcc_ll_add_hlix_bc_deix
   144                          	EXTERN ____sdcc_ll_add_hlix_deix_bc
   145                          	EXTERN ____sdcc_ll_add_hlix_deix_bcix
   146                          	EXTERN ____sdcc_ll_asr_hlix_a
   147                          	EXTERN ____sdcc_ll_asr_mbc_a
   148                          	EXTERN ____sdcc_ll_copy_src_de_dst_hlix
   149                          	EXTERN ____sdcc_ll_copy_src_de_dst_hlsp
   150                          	EXTERN ____sdcc_ll_copy_src_deix_dst_hl
   151                          	EXTERN ____sdcc_ll_copy_src_deix_dst_hlix
   152                          	EXTERN ____sdcc_ll_copy_src_deixm_dst_hlsp
   153                          	EXTERN ____sdcc_ll_copy_src_desp_dst_hlsp
   154                          	EXTERN ____sdcc_ll_copy_src_hl_dst_de
   155                          	EXTERN ____sdcc_ll_copy_src_hlsp_dst_de
   156                          	EXTERN ____sdcc_ll_copy_src_hlsp_dst_deixm
   157                          	EXTERN ____sdcc_ll_lsl_hlix_a
   158                          	EXTERN ____sdcc_ll_lsl_mbc_a
   159                          	EXTERN ____sdcc_ll_lsr_hlix_a
   160                          	EXTERN ____sdcc_ll_lsr_mbc_a
   161                          	EXTERN ____sdcc_ll_push_hlix
   162                          	EXTERN ____sdcc_ll_push_mhl
   163                          	EXTERN ____sdcc_ll_sub_de_bc_hl
   164                          	EXTERN ____sdcc_ll_sub_de_bc_hlix
   165                          	EXTERN ____sdcc_ll_sub_de_hlix_bc
   166                          	EXTERN ____sdcc_ll_sub_de_hlix_bcix
   167                          	EXTERN ____sdcc_ll_sub_deix_bc_hl
   168                          	EXTERN ____sdcc_ll_sub_deix_hlix
   169                          	EXTERN ____sdcc_ll_sub_hlix_bc_deix
   170                          	EXTERN ____sdcc_ll_sub_hlix_deix_bc
   171                          	EXTERN ____sdcc_ll_sub_hlix_deix_bcix
   172                          	EXTERN ____sdcc_load_debc_deix
   173                          	EXTERN ____sdcc_load_dehl_deix
   174                          	EXTERN ____sdcc_load_debc_mhl
   175                          	EXTERN ____sdcc_load_hlde_mhl
   176                          	EXTERN ____sdcc_store_dehl_bcix
   177                          	EXTERN ____sdcc_store_debc_hlix
   178                          	EXTERN ____sdcc_store_debc_mhl
   179                          	EXTERN ____sdcc_cpu_pop_ei
   180                          	EXTERN ____sdcc_cpu_pop_ei_jp
   181                          	EXTERN ____sdcc_cpu_push_di
   182                          	EXTERN ____sdcc_outi
   183                          	EXTERN ____sdcc_outi_128
   184                          	EXTERN ____sdcc_outi_256
   185                          	EXTERN ____sdcc_ldi
   186                          	EXTERN ____sdcc_ldi_128
   187                          	EXTERN ____sdcc_ldi_256
   188                          	EXTERN ____sdcc_4_copy_srcd_hlix_dst_deix
   189                          	EXTERN ____sdcc_4_and_src_mbc_mhl_dst_deix
   190                          	EXTERN ____sdcc_4_or_src_mbc_mhl_dst_deix
   191                          	EXTERN ____sdcc_4_xor_src_mbc_mhl_dst_deix
   192                          	EXTERN ____sdcc_4_or_src_dehl_dst_bcix
   193                          	EXTERN ____sdcc_4_xor_src_dehl_dst_bcix
   194                          	EXTERN ____sdcc_4_and_src_dehl_dst_bcix
   195                          	EXTERN ____sdcc_4_xor_src_mbc_mhl_dst_debc
   196                          	EXTERN ____sdcc_4_or_src_mbc_mhl_dst_debc
   197                          	EXTERN ____sdcc_4_and_src_mbc_mhl_dst_debc
   198                          	EXTERN ____sdcc_4_cpl_src_mhl_dst_debc
   199                          	EXTERN ____sdcc_4_xor_src_debc_mhl_dst_debc
   200                          	EXTERN ____sdcc_4_or_src_debc_mhl_dst_debc
   201                          	EXTERN ____sdcc_4_and_src_debc_mhl_dst_debc
   202                          	EXTERN ____sdcc_4_and_src_debc_hlix_dst_debc
   203                          	EXTERN ____sdcc_4_or_src_debc_hlix_dst_debc
   204                          	EXTERN ____sdcc_4_xor_src_debc_hlix_dst_debc
   205                          	.zxn
   206                          
   207                          ;--------------------------------------------------------
   208                          ; Public variables in this module
   209                          ;--------------------------------------------------------
   210                          	GLOBAL _main
   211                          	GLOBAL _MainLoop
   212                          ;--------------------------------------------------------
   213                          ; Externals used
   214                          ;--------------------------------------------------------
   215                          	GLOBAL _LoadSprites
   216                          	GLOBAL _GP_Quit
   217                          	GLOBAL _GP_Render
   218                          	GLOBAL _GP_Process
   219                          	GLOBAL _GP_Init
   220                          	GLOBAL _GamePlayTest
   221                          	GLOBAL _FE_Quit
   222                          	GLOBAL _FE_Render
   223                          	GLOBAL _FE_Process
   224                          	GLOBAL _FE_Init
   225                          	GLOBAL _FrontEndTest
   226                          	GLOBAL _ReadNextReg
   227                          	GLOBAL _Print
   228                          	GLOBAL _ReadKeyboard
   229                          	GLOBAL _UploadSprites
   230                          	GLOBAL _DMACopy
   231                          	GLOBAL _PrintHex
   232                          	GLOBAL _InitSpriteData
   233                          	GLOBAL _ClsULA
   234                          	GLOBAL _ClsATTR
   235                          	GLOBAL _WipeSprites
   236                          	GLOBAL _CopySpriteData
   237                          	GLOBAL _Layer2Enable
   238                          	GLOBAL _WaitVBlank
   239                          	GLOBAL _SetUpIRQs
   240                          	GLOBAL _InitKernel
   241                          	GLOBAL _in_mouse_kempston_wheel_delta
   242                          	GLOBAL _in_mouse_kempston_wheel
   243                          	GLOBAL _in_mouse_kempston_callee
   244                          	GLOBAL _in_mouse_kempston
   245                          	GLOBAL _in_mouse_kempston_setpos_callee
   246                          	GLOBAL _in_mouse_kempston_setpos
   247                          	GLOBAL _in_mouse_kempston_reset
   248                          	GLOBAL _in_mouse_kempston_init
   249                          	GLOBAL _in_mouse_amx_wheel_delta
   250                          	GLOBAL _in_mouse_amx_wheel
   251                          	GLOBAL _in_mouse_amx_callee
   252                          	GLOBAL _in_mouse_amx
   253                          	GLOBAL _in_mouse_amx_setpos_callee
   254                          	GLOBAL _in_mouse_amx_setpos
   255                          	GLOBAL _in_mouse_amx_reset
   256                          	GLOBAL _in_mouse_amx_init_callee
   257                          	GLOBAL _in_mouse_amx_init
   258                          	GLOBAL _in_stick_sinclair2
   259                          	GLOBAL _in_stick_sinclair1
   260                          	GLOBAL _in_stick_kempston
   261                          	GLOBAL _in_stick_fuller
   262                          	GLOBAL _in_stick_cursor
   263                          	GLOBAL _in_stick_keyboard_fastcall
   264                          	GLOBAL _in_stick_keyboard
   265                          	GLOBAL _in_wait_nokey
   266                          	GLOBAL _in_wait_key
   267                          	GLOBAL _in_test_key
   268                          	GLOBAL _in_pause_fastcall
   269                          	GLOBAL _in_pause
   270                          	GLOBAL _in_key_scancode_fastcall
   271                          	GLOBAL _in_key_scancode
   272                          	GLOBAL _in_key_pressed_fastcall
   273                          	GLOBAL _in_key_pressed
   274                          	GLOBAL _in_inkey
   275                          	GLOBAL _ffsll_callee
   276                          	GLOBAL _ffsll
   277                          	GLOBAL _strxfrm_callee
   278                          	GLOBAL _strxfrm
   279                          	GLOBAL _strupr_fastcall
   280                          	GLOBAL _strupr
   281                          	GLOBAL _strtok_r_callee
   282                          	GLOBAL _strtok_r
   283                          	GLOBAL _strtok_callee
   284                          	GLOBAL _strtok
   285                          	GLOBAL _strstrip_fastcall
   286                          	GLOBAL _strstrip
   287                          	GLOBAL _strstr_callee
   288                          	GLOBAL _strstr
   289                          	GLOBAL _strspn_callee
   290                          	GLOBAL _strspn
   291                          	GLOBAL _strsep_callee
   292                          	GLOBAL _strsep
   293                          	GLOBAL _strrstrip_fastcall
   294                          	GLOBAL _strrstrip
   295                          	GLOBAL _strrstr_callee
   296                          	GLOBAL _strrstr
   297                          	GLOBAL _strrspn_callee
   298                          	GLOBAL _strrspn
   299                          	GLOBAL _strrev_fastcall
   300                          	GLOBAL _strrev
   301                          	GLOBAL _strrcspn_callee
   302                          	GLOBAL _strrcspn
   303                          	GLOBAL _strrchr_callee
   304                          	GLOBAL _strrchr
   305                          	GLOBAL _strpbrk_callee
   306                          	GLOBAL _strpbrk
   307                          	GLOBAL _strnlen_callee
   308                          	GLOBAL _strnlen
   309                          	GLOBAL _strnicmp_callee
   310                          	GLOBAL _strnicmp
   311                          	GLOBAL _strndup_callee
   312                          	GLOBAL _strndup
   313                          	GLOBAL _strncpy_callee
   314                          	GLOBAL _strncpy
   315                          	GLOBAL _strncmp_callee
   316                          	GLOBAL _strncmp
   317                          	GLOBAL _strnchr_callee
   318                          	GLOBAL _strnchr
   319                          	GLOBAL _strncat_callee
   320                          	GLOBAL _strncat
   321                          	GLOBAL _strncasecmp_callee
   322                          	GLOBAL _strncasecmp
   323                          	GLOBAL _strlwr_fastcall
   324                          	GLOBAL _strlwr
   325                          	GLOBAL _strlen_fastcall
   326                          	GLOBAL _strlen
   327                          	GLOBAL _strlcpy_callee
   328                          	GLOBAL _strlcpy
   329                          	GLOBAL _strlcat_callee
   330                          	GLOBAL _strlcat
   331                          	GLOBAL _stricmp_callee
   332                          	GLOBAL _stricmp
   333                          	GLOBAL _strerror_fastcall
   334                          	GLOBAL _strerror
   335                          	GLOBAL _strdup_fastcall
   336                          	GLOBAL _strdup
   337                          	GLOBAL _strcspn_callee
   338                          	GLOBAL _strcspn
   339                          	GLOBAL _strcpy_callee
   340                          	GLOBAL _strcpy
   341                          	GLOBAL _strcoll_callee
   342                          	GLOBAL _strcoll
   343                          	GLOBAL _strcmp_callee
   344                          	GLOBAL _strcmp
   345                          	GLOBAL _strchrnul_callee
   346                          	GLOBAL _strchrnul
   347                          	GLOBAL _strchr_callee
   348                          	GLOBAL _strchr
   349                          	GLOBAL _strcat_callee
   350                          	GLOBAL _strcat
   351                          	GLOBAL _strcasecmp_callee
   352                          	GLOBAL _strcasecmp
   353                          	GLOBAL _stpncpy_callee
   354                          	GLOBAL _stpncpy
   355                          	GLOBAL _stpcpy_callee
   356                          	GLOBAL _stpcpy
   357                          	GLOBAL _memswap_callee
   358                          	GLOBAL _memswap
   359                          	GLOBAL _memset_wr_callee
   360                          	GLOBAL _memset_wr
   361                          	GLOBAL _memset_callee
   362                          	GLOBAL _memset
   363                          	GLOBAL _memrchr_callee
   364                          	GLOBAL _memrchr
   365                          	GLOBAL _memmove_callee
   366                          	GLOBAL _memmove
   367                          	GLOBAL _memmem_callee
   368                          	GLOBAL _memmem
   369                          	GLOBAL _memcpy_callee
   370                          	GLOBAL _memcpy
   371                          	GLOBAL _memcmp_callee
   372                          	GLOBAL _memcmp
   373                          	GLOBAL _memchr_callee
   374                          	GLOBAL _memchr
   375                          	GLOBAL _memccpy_callee
   376                          	GLOBAL _memccpy
   377                          	GLOBAL _ffsl_fastcall
   378                          	GLOBAL _ffsl
   379                          	GLOBAL _ffs_fastcall
   380                          	GLOBAL _ffs
   381                          	GLOBAL __strrstrip__fastcall
   382                          	GLOBAL __strrstrip_
   383                          	GLOBAL __memupr__callee
   384                          	GLOBAL __memupr_
   385                          	GLOBAL __memstrcpy__callee
   386                          	GLOBAL __memstrcpy_
   387                          	GLOBAL __memlwr__callee
   388                          	GLOBAL __memlwr_
   389                          	GLOBAL _rawmemchr_callee
   390                          	GLOBAL _rawmemchr
   391                          	GLOBAL _strnset_callee
   392                          	GLOBAL _strnset
   393                          	GLOBAL _strset_callee
   394                          	GLOBAL _strset
   395                          	GLOBAL _rindex_callee
   396                          	GLOBAL _rindex
   397                          	GLOBAL _index_callee
   398                          	GLOBAL _index
   399                          	GLOBAL _bzero_callee
   400                          	GLOBAL _bzero
   401                          	GLOBAL _bcopy_callee
   402                          	GLOBAL _bcopy
   403                          	GLOBAL _bcmp_callee
   404                          	GLOBAL _bcmp
   405                          	GLOBAL _tmpnam_ex_fastcall
   406                          	GLOBAL _tmpnam_ex
   407                          	GLOBAL _tmpnam_fastcall
   408                          	GLOBAL _tmpnam
   409                          	GLOBAL _vscanf_unlocked_callee
   410                          	GLOBAL _vscanf_unlocked
   411                          	GLOBAL _vprintf_unlocked_callee
   412                          	GLOBAL _vprintf_unlocked
   413                          	GLOBAL _vfscanf_unlocked_callee
   414                          	GLOBAL _vfscanf_unlocked
   415                          	GLOBAL _vfprintf_unlocked_callee
   416                          	GLOBAL _vfprintf_unlocked
   417                          	GLOBAL _ungetc_unlocked_callee
   418                          	GLOBAL _ungetc_unlocked
   419                          	GLOBAL _scanf_unlocked
   420                          	GLOBAL _rewind_unlocked_fastcall
   421                          	GLOBAL _rewind_unlocked
   422                          	GLOBAL _puts_unlocked_fastcall
   423                          	GLOBAL _puts_unlocked
   424                          	GLOBAL _putchar_unlocked_fastcall
   425                          	GLOBAL _putchar_unlocked
   426                          	GLOBAL _putc_unlocked_callee
   427                          	GLOBAL _putc_unlocked
   428                          	GLOBAL _printf_unlocked
   429                          	GLOBAL _gets_unlocked_fastcall
   430                          	GLOBAL _gets_unlocked
   431                          	GLOBAL _getline_unlocked_callee
   432                          	GLOBAL _getline_unlocked
   433                          	GLOBAL _getdelim_unlocked_callee
   434                          	GLOBAL _getdelim_unlocked
   435                          	GLOBAL _getchar_unlocked
   436                          	GLOBAL _getc_unlocked_fastcall
   437                          	GLOBAL _getc_unlocked
   438                          	GLOBAL _fwrite_unlocked_callee
   439                          	GLOBAL _fwrite_unlocked
   440                          	GLOBAL _ftell_unlocked_fastcall
   441                          	GLOBAL _ftell_unlocked
   442                          	GLOBAL _fsetpos_unlocked_callee
   443                          	GLOBAL _fsetpos_unlocked
   444                          	GLOBAL _fseek_unlocked_callee
   445                          	GLOBAL _fseek_unlocked
   446                          	GLOBAL _fscanf_unlocked
   447                          	GLOBAL _freopen_unlocked_callee
   448                          	GLOBAL _freopen_unlocked
   449                          	GLOBAL _fread_unlocked_callee
   450                          	GLOBAL _fread_unlocked
   451                          	GLOBAL _fputs_unlocked_callee
   452                          	GLOBAL _fputs_unlocked
   453                          	GLOBAL _fputc_unlocked_callee
   454                          	GLOBAL _fputc_unlocked
   455                          	GLOBAL _fprintf_unlocked
   456                          	GLOBAL _fileno_unlocked_fastcall
   457                          	GLOBAL _fileno_unlocked
   458                          	GLOBAL _fgets_unlocked_callee
   459                          	GLOBAL _fgets_unlocked
   460                          	GLOBAL _fgetpos_unlocked_callee
   461                          	GLOBAL _fgetpos_unlocked
   462                          	GLOBAL _fgetc_unlocked_fastcall
   463                          	GLOBAL _fgetc_unlocked
   464                          	GLOBAL _fflush_unlocked_fastcall
   465                          	GLOBAL _fflush_unlocked
   466                          	GLOBAL _ferror_unlocked_fastcall
   467                          	GLOBAL _ferror_unlocked
   468                          	GLOBAL _feof_unlocked_fastcall
   469                          	GLOBAL _feof_unlocked
   470                          	GLOBAL _fclose_unlocked_fastcall
   471                          	GLOBAL _fclose_unlocked
   472                          	GLOBAL _clearerr_unlocked_fastcall
   473                          	GLOBAL _clearerr_unlocked
   474                          	GLOBAL _vsscanf_callee
   475                          	GLOBAL _vsscanf
   476                          	GLOBAL _vsprintf_callee
   477                          	GLOBAL _vsprintf
   478                          	GLOBAL _vsnprintf_callee
   479                          	GLOBAL _vsnprintf
   480                          	GLOBAL _vscanf_callee
   481                          	GLOBAL _vscanf
   482                          	GLOBAL _vprintf_callee
   483                          	GLOBAL _vprintf
   484                          	GLOBAL _vfscanf_callee
   485                          	GLOBAL _vfscanf
   486                          	GLOBAL _vfprintf_callee
   487                          	GLOBAL _vfprintf
   488                          	GLOBAL _vasprintf_callee
   489                          	GLOBAL _vasprintf
   490                          	GLOBAL _ungetc_callee
   491                          	GLOBAL _ungetc
   492                          	GLOBAL _sscanf
   493                          	GLOBAL _sprintf
   494                          	GLOBAL _snprintf
   495                          	GLOBAL _scanf
   496                          	GLOBAL _rewind_fastcall
   497                          	GLOBAL _rewind
   498                          	GLOBAL _puts_fastcall
   499                          	GLOBAL _puts
   500                          	GLOBAL _putchar_fastcall
   501                          	GLOBAL _putchar
   502                          	GLOBAL _putc_callee
   503                          	GLOBAL _putc
   504                          	GLOBAL _printf
   505                          	GLOBAL _perror_fastcall
   506                          	GLOBAL _perror
   507                          	GLOBAL _open_memstream_callee
   508                          	GLOBAL _open_memstream
   509                          	GLOBAL _obstack_vprintf_callee
   510                          	GLOBAL _obstack_vprintf
   511                          	GLOBAL _obstack_printf
   512                          	GLOBAL _gets_fastcall
   513                          	GLOBAL _gets
   514                          	GLOBAL _getline_callee
   515                          	GLOBAL _getline
   516                          	GLOBAL _getdelim_callee
   517                          	GLOBAL _getdelim
   518                          	GLOBAL _getchar
   519                          	GLOBAL _getc_fastcall
   520                          	GLOBAL _getc
   521                          	GLOBAL _fwrite_callee
   522                          	GLOBAL _fwrite
   523                          	GLOBAL _funlockfile_fastcall
   524                          	GLOBAL _funlockfile
   525                          	GLOBAL _ftrylockfile_fastcall
   526                          	GLOBAL _ftrylockfile
   527                          	GLOBAL _ftell_fastcall
   528                          	GLOBAL _ftell
   529                          	GLOBAL _fsetpos_callee
   530                          	GLOBAL _fsetpos
   531                          	GLOBAL _fseek_callee
   532                          	GLOBAL _fseek
   533                          	GLOBAL _fscanf
   534                          	GLOBAL _freopen_callee
   535                          	GLOBAL _freopen
   536                          	GLOBAL _fread_callee
   537                          	GLOBAL _fread
   538                          	GLOBAL _fputs_callee
   539                          	GLOBAL _fputs
   540                          	GLOBAL _fputc_callee
   541                          	GLOBAL _fputc
   542                          	GLOBAL _fprintf
   543                          	GLOBAL _fopen_callee
   544                          	GLOBAL _fopen
   545                          	GLOBAL _fmemopen_callee
   546                          	GLOBAL _fmemopen
   547                          	GLOBAL _flockfile_fastcall
   548                          	GLOBAL _flockfile
   549                          	GLOBAL _fileno_fastcall
   550                          	GLOBAL _fileno
   551                          	GLOBAL _fgets_callee
   552                          	GLOBAL _fgets
   553                          	GLOBAL _fgetpos_callee
   554                          	GLOBAL _fgetpos
   555                          	GLOBAL _fgetc_fastcall
   556                          	GLOBAL _fgetc
   557                          	GLOBAL _fflush_fastcall
   558                          	GLOBAL _fflush
   559                          	GLOBAL _ferror_fastcall
   560                          	GLOBAL _ferror
   561                          	GLOBAL _feof_fastcall
   562                          	GLOBAL _feof
   563                          	GLOBAL _fdopen_callee
   564                          	GLOBAL _fdopen
   565                          	GLOBAL _fclose_fastcall
   566                          	GLOBAL _fclose
   567                          	GLOBAL _clearerr_fastcall
   568                          	GLOBAL _clearerr
   569                          	GLOBAL _asprintf
   570                          	GLOBAL __fmemopen__callee
   571                          	GLOBAL __fmemopen_
   572                          	GLOBAL _env_getenv_callee
   573                          	GLOBAL _env_getenv
   574                          	GLOBAL _getenv_ex_callee
   575                          	GLOBAL _getenv_ex
   576                          	GLOBAL _getenv_fastcall
   577                          	GLOBAL _getenv
   578                          	GLOBAL _mkstemp_ex_fastcall
   579                          	GLOBAL _mkstemp_ex
   580                          	GLOBAL _ulltoa_callee
   581                          	GLOBAL _ulltoa
   582                          	GLOBAL _strtoull_callee
   583                          	GLOBAL _strtoull
   584                          	GLOBAL _strtoll_callee
   585                          	GLOBAL _strtoll
   586                          	GLOBAL _lltoa_callee
   587                          	GLOBAL _lltoa
   588                          	GLOBAL _llabs_callee
   589                          	GLOBAL _llabs
   590                          	GLOBAL __lldivu__callee
   591                          	GLOBAL __lldivu_
   592                          	GLOBAL __lldiv__callee
   593                          	GLOBAL __lldiv_
   594                          	GLOBAL _atoll_callee
   595                          	GLOBAL _atoll
   596                          	GLOBAL _realloc_unlocked_callee
   597                          	GLOBAL _realloc_unlocked
   598                          	GLOBAL _malloc_unlocked_fastcall
   599                          	GLOBAL _malloc_unlocked
   600                          	GLOBAL _free_unlocked_fastcall
   601                          	GLOBAL _free_unlocked
   602                          	GLOBAL _calloc_unlocked_callee
   603                          	GLOBAL _calloc_unlocked
   604                          	GLOBAL _aligned_alloc_unlocked_callee
   605                          	GLOBAL _aligned_alloc_unlocked
   606                          	GLOBAL _realloc_callee
   607                          	GLOBAL _realloc
   608                          	GLOBAL _malloc_fastcall
   609                          	GLOBAL _malloc
   610                          	GLOBAL _free_fastcall
   611                          	GLOBAL _free
   612                          	GLOBAL _calloc_callee
   613                          	GLOBAL _calloc
   614                          	GLOBAL _aligned_alloc_callee
   615                          	GLOBAL _aligned_alloc
   616                          	GLOBAL _utoa_callee
   617                          	GLOBAL _utoa
   618                          	GLOBAL _ultoa_callee
   619                          	GLOBAL _ultoa
   620                          	GLOBAL _system_fastcall
   621                          	GLOBAL _system
   622                          	GLOBAL _strtoul_callee
   623                          	GLOBAL _strtoul
   624                          	GLOBAL _strtol_callee
   625                          	GLOBAL _strtol
   626                          	GLOBAL _strtof_callee
   627                          	GLOBAL _strtof
   628                          	GLOBAL _strtod_callee
   629                          	GLOBAL _strtod
   630                          	GLOBAL _srand_fastcall
   631                          	GLOBAL _srand
   632                          	GLOBAL _rand
   633                          	GLOBAL _quick_exit_fastcall
   634                          	GLOBAL _quick_exit
   635                          	GLOBAL _qsort_callee
   636                          	GLOBAL _qsort
   637                          	GLOBAL _ltoa_callee
   638                          	GLOBAL _ltoa
   639                          	GLOBAL _labs_fastcall
   640                          	GLOBAL _labs
   641                          	GLOBAL _itoa_callee
   642                          	GLOBAL _itoa
   643                          	GLOBAL _ftoh_callee
   644                          	GLOBAL _ftoh
   645                          	GLOBAL _ftog_callee
   646                          	GLOBAL _ftog
   647                          	GLOBAL _ftoe_callee
   648                          	GLOBAL _ftoe
   649                          	GLOBAL _ftoa_callee
   650                          	GLOBAL _ftoa
   651                          	GLOBAL _exit_fastcall
   652                          	GLOBAL _exit
   653                          	GLOBAL _dtoh_callee
   654                          	GLOBAL _dtoh
   655                          	GLOBAL _dtog_callee
   656                          	GLOBAL _dtog
   657                          	GLOBAL _dtoe_callee
   658                          	GLOBAL _dtoe
   659                          	GLOBAL _dtoa_callee
   660                          	GLOBAL _dtoa
   661                          	GLOBAL _bsearch_callee
   662                          	GLOBAL _bsearch
   663                          	GLOBAL _atol_fastcall
   664                          	GLOBAL _atol
   665                          	GLOBAL _atoi_fastcall
   666                          	GLOBAL _atoi
   667                          	GLOBAL _atof_fastcall
   668                          	GLOBAL _atof
   669                          	GLOBAL _atexit_fastcall
   670                          	GLOBAL _atexit
   671                          	GLOBAL _at_quick_exit_fastcall
   672                          	GLOBAL _at_quick_exit
   673                          	GLOBAL _abs_fastcall
   674                          	GLOBAL _abs
   675                          	GLOBAL _abort
   676                          	GLOBAL __strtou__callee
   677                          	GLOBAL __strtou_
   678                          	GLOBAL __strtoi__callee
   679                          	GLOBAL __strtoi_
   680                          	GLOBAL __random_uniform_xor_8__fastcall
   681                          	GLOBAL __random_uniform_xor_8_
   682                          	GLOBAL __random_uniform_xor_32__fastcall
   683                          	GLOBAL __random_uniform_xor_32_
   684                          	GLOBAL __random_uniform_cmwc_8__fastcall
   685                          	GLOBAL __random_uniform_cmwc_8_
   686                          	GLOBAL __shellsort__callee
   687                          	GLOBAL __shellsort_
   688                          	GLOBAL __quicksort__callee
   689                          	GLOBAL __quicksort_
   690                          	GLOBAL __insertion_sort__callee
   691                          	GLOBAL __insertion_sort_
   692                          	GLOBAL __ldivu__callee
   693                          	GLOBAL __ldivu_
   694                          	GLOBAL __ldiv__callee
   695                          	GLOBAL __ldiv_
   696                          	GLOBAL __divu__callee
   697                          	GLOBAL __divu_
   698                          	GLOBAL __div__callee
   699                          	GLOBAL __div_
   700                          	GLOBAL _intrinsic_swap_word_32_fastcall
   701                          	GLOBAL _intrinsic_swap_word_32
   702                          	GLOBAL _intrinsic_swap_endian_32_fastcall
   703                          	GLOBAL _intrinsic_swap_endian_32
   704                          	GLOBAL _intrinsic_swap_endian_16_fastcall
   705                          	GLOBAL _intrinsic_swap_endian_16
   706                          	GLOBAL _intrinsic_return_de
   707                          	GLOBAL _intrinsic_return_bc
   708                          	GLOBAL _intrinsic_exx
   709                          	GLOBAL _intrinsic_ex_de_hl
   710                          	GLOBAL _intrinsic_nop
   711                          	GLOBAL _intrinsic_im_2
   712                          	GLOBAL _intrinsic_im_1
   713                          	GLOBAL _intrinsic_im_0
   714                          	GLOBAL _intrinsic_retn
   715                          	GLOBAL _intrinsic_reti
   716                          	GLOBAL _intrinsic_halt
   717                          	GLOBAL _intrinsic_ei
   718                          	GLOBAL _intrinsic_di
   719                          	GLOBAL _intrinsic_stub
   720                          	GLOBAL _intrinsic_ini
   721                          	GLOBAL _intrinsic_outi
   722                          	GLOBAL _intrinsic_ldi
   723                          	GLOBAL _z80_otdr_callee
   724                          	GLOBAL _z80_otdr
   725                          	GLOBAL _z80_otir_callee
   726                          	GLOBAL _z80_otir
   727                          	GLOBAL _z80_outp_callee
   728                          	GLOBAL _z80_outp
   729                          	GLOBAL _z80_indr_callee
   730                          	GLOBAL _z80_indr
   731                          	GLOBAL _z80_inir_callee
   732                          	GLOBAL _z80_inir
   733                          	GLOBAL _z80_inp_fastcall
   734                          	GLOBAL _z80_inp
   735                          	GLOBAL _z80_set_int_state_fastcall
   736                          	GLOBAL _z80_set_int_state
   737                          	GLOBAL _z80_get_int_state
   738                          	GLOBAL _z80_delay_tstate_fastcall
   739                          	GLOBAL _z80_delay_tstate
   740                          	GLOBAL _z80_delay_ms_fastcall
   741                          	GLOBAL _z80_delay_ms
   742                          	GLOBAL _im2_remove_generic_callback_callee
   743                          	GLOBAL _im2_remove_generic_callback
   744                          	GLOBAL _im2_prepend_generic_callback_callee
   745                          	GLOBAL _im2_prepend_generic_callback
   746                          	GLOBAL _im2_append_generic_callback_callee
   747                          	GLOBAL _im2_append_generic_callback
   748                          	GLOBAL _im2_create_generic_isr_8080_callee
   749                          	GLOBAL _im2_create_generic_isr_8080
   750                          	GLOBAL _im2_create_generic_isr_callee
   751                          	GLOBAL _im2_create_generic_isr
   752                          	GLOBAL _im2_install_isr_callee
   753                          	GLOBAL _im2_install_isr
   754                          	GLOBAL _im2_init_fastcall
   755                          	GLOBAL _im2_init
   756                          	GLOBAL _zx_pattern_fill_callee
   757                          	GLOBAL _zx_pattern_fill
   758                          	GLOBAL _tshr_saddrpup_fastcall
   759                          	GLOBAL _tshr_saddrpup
   760                          	GLOBAL _tshr_saddrpright_callee
   761                          	GLOBAL _tshr_saddrpright
   762                          	GLOBAL _tshr_saddrpleft_callee
   763                          	GLOBAL _tshr_saddrpleft
   764                          	GLOBAL _tshr_saddrpdown_fastcall
   765                          	GLOBAL _tshr_saddrpdown
   766                          	GLOBAL _tshr_saddrcup_fastcall
   767                          	GLOBAL _tshr_saddrcup
   768                          	GLOBAL _tshr_saddrcright_fastcall
   769                          	GLOBAL _tshr_saddrcright
   770                          	GLOBAL _tshr_saddrcleft_fastcall
   771                          	GLOBAL _tshr_saddrcleft
   772                          	GLOBAL _tshr_saddrcdown_fastcall
   773                          	GLOBAL _tshr_saddrcdown
   774                          	GLOBAL _tshr_saddr2py_fastcall
   775                          	GLOBAL _tshr_saddr2py
   776                          	GLOBAL _tshr_saddr2px_fastcall
   777                          	GLOBAL _tshr_saddr2px
   778                          	GLOBAL _tshr_saddr2cy_fastcall
   779                          	GLOBAL _tshr_saddr2cy
   780                          	GLOBAL _tshr_saddr2cx_fastcall
   781                          	GLOBAL _tshr_saddr2cx
   782                          	GLOBAL _tshr_py2saddr_fastcall
   783                          	GLOBAL _tshr_py2saddr
   784                          	GLOBAL _tshr_pxy2saddr_callee
   785                          	GLOBAL _tshr_pxy2saddr
   786                          	GLOBAL _tshr_px2bitmask_fastcall
   787                          	GLOBAL _tshr_px2bitmask
   788                          	GLOBAL _tshr_cy2saddr_fastcall
   789                          	GLOBAL _tshr_cy2saddr
   790                          	GLOBAL _tshr_cxy2saddr_callee
   791                          	GLOBAL _tshr_cxy2saddr
   792                          	GLOBAL _tshr_bitmask2px_fastcall
   793                          	GLOBAL _tshr_bitmask2px
   794                          	GLOBAL _tshc_saddrpup_fastcall
   795                          	GLOBAL _tshc_saddrpup
   796                          	GLOBAL _tshc_saddrpright_callee
   797                          	GLOBAL _tshc_saddrpright
   798                          	GLOBAL _tshc_saddrpleft_callee
   799                          	GLOBAL _tshc_saddrpleft
   800                          	GLOBAL _tshc_saddrpdown_fastcall
   801                          	GLOBAL _tshc_saddrpdown
   802                          	GLOBAL _tshc_saddrcup_fastcall
   803                          	GLOBAL _tshc_saddrcup
   804                          	GLOBAL _tshc_saddrcright_fastcall
   805                          	GLOBAL _tshc_saddrcright
   806                          	GLOBAL _tshc_saddrcleft_fastcall
   807                          	GLOBAL _tshc_saddrcleft
   808                          	GLOBAL _tshc_saddrcdown_fastcall
   809                          	GLOBAL _tshc_saddrcdown
   810                          	GLOBAL _tshc_saddr2py_fastcall
   811                          	GLOBAL _tshc_saddr2py
   812                          	GLOBAL _tshc_saddr2px_fastcall
   813                          	GLOBAL _tshc_saddr2px
   814                          	GLOBAL _tshc_saddr2cy_fastcall
   815                          	GLOBAL _tshc_saddr2cy
   816                          	GLOBAL _tshc_saddr2cx_fastcall
   817                          	GLOBAL _tshc_saddr2cx
   818                          	GLOBAL _tshc_saddr2aaddr_fastcall
   819                          	GLOBAL _tshc_saddr2aaddr
   820                          	GLOBAL _tshc_py2saddr_fastcall
   821                          	GLOBAL _tshc_py2saddr
   822                          	GLOBAL _tshc_py2aaddr_fastcall
   823                          	GLOBAL _tshc_py2aaddr
   824                          	GLOBAL _tshc_pxy2saddr_callee
   825                          	GLOBAL _tshc_pxy2saddr
   826                          	GLOBAL _tshc_pxy2aaddr_callee
   827                          	GLOBAL _tshc_pxy2aaddr
   828                          	GLOBAL _tshc_px2bitmask_fastcall
   829                          	GLOBAL _tshc_px2bitmask
   830                          	GLOBAL _tshc_cy2saddr_fastcall
   831                          	GLOBAL _tshc_cy2saddr
   832                          	GLOBAL _tshc_cy2aaddr_fastcall
   833                          	GLOBAL _tshc_cy2aaddr
   834                          	GLOBAL _tshc_cxy2saddr_callee
   835                          	GLOBAL _tshc_cxy2saddr
   836                          	GLOBAL _tshc_cxy2aaddr_callee
   837                          	GLOBAL _tshc_cxy2aaddr
   838                          	GLOBAL _tshc_bitmask2px_fastcall
   839                          	GLOBAL _tshc_bitmask2px
   840                          	GLOBAL _tshc_aaddrpup_fastcall
   841                          	GLOBAL _tshc_aaddrpup
   842                          	GLOBAL _tshc_aaddrpright_callee
   843                          	GLOBAL _tshc_aaddrpright
   844                          	GLOBAL _tshc_aaddrpleft_callee
   845                          	GLOBAL _tshc_aaddrpleft
   846                          	GLOBAL _tshc_aaddrpdown_fastcall
   847                          	GLOBAL _tshc_aaddrpdown
   848                          	GLOBAL _tshc_aaddrcup_fastcall
   849                          	GLOBAL _tshc_aaddrcup
   850                          	GLOBAL _tshc_aaddrcright_fastcall
   851                          	GLOBAL _tshc_aaddrcright
   852                          	GLOBAL _tshc_aaddrcleft_fastcall
   853                          	GLOBAL _tshc_aaddrcleft
   854                          	GLOBAL _tshc_aaddrcdown_fastcall
   855                          	GLOBAL _tshc_aaddrcdown
   856                          	GLOBAL _tshc_aaddr2saddr_fastcall
   857                          	GLOBAL _tshc_aaddr2saddr
   858                          	GLOBAL _tshc_aaddr2py_fastcall
   859                          	GLOBAL _tshc_aaddr2py
   860                          	GLOBAL _tshc_aaddr2px_fastcall
   861                          	GLOBAL _tshc_aaddr2px
   862                          	GLOBAL _tshc_aaddr2cy_fastcall
   863                          	GLOBAL _tshc_aaddr2cy
   864                          	GLOBAL _tshc_aaddr2cx_fastcall
   865                          	GLOBAL _tshc_aaddr2cx
   866                          	GLOBAL _zx_saddrpup_fastcall
   867                          	GLOBAL _zx_saddrpup
   868                          	GLOBAL _zx_saddrpright_callee
   869                          	GLOBAL _zx_saddrpright
   870                          	GLOBAL _zx_saddrpleft_callee
   871                          	GLOBAL _zx_saddrpleft
   872                          	GLOBAL _zx_saddrpdown_fastcall
   873                          	GLOBAL _zx_saddrpdown
   874                          	GLOBAL _zx_saddrcup_fastcall
   875                          	GLOBAL _zx_saddrcup
   876                          	GLOBAL _zx_saddrcright_fastcall
   877                          	GLOBAL _zx_saddrcright
   878                          	GLOBAL _zx_saddrcleft_fastcall
   879                          	GLOBAL _zx_saddrcleft
   880                          	GLOBAL _zx_saddrcdown_fastcall
   881                          	GLOBAL _zx_saddrcdown
   882                          	GLOBAL _zx_saddr2py_fastcall
   883                          	GLOBAL _zx_saddr2py
   884                          	GLOBAL _zx_saddr2px_fastcall
   885                          	GLOBAL _zx_saddr2px
   886                          	GLOBAL _zx_saddr2cy_fastcall
   887                          	GLOBAL _zx_saddr2cy
   888                          	GLOBAL _zx_saddr2cx_fastcall
   889                          	GLOBAL _zx_saddr2cx
   890                          	GLOBAL _zx_saddr2aaddr_fastcall
   891                          	GLOBAL _zx_saddr2aaddr
   892                          	GLOBAL _zx_py2saddr_fastcall
   893                          	GLOBAL _zx_py2saddr
   894                          	GLOBAL _zx_py2aaddr_fastcall
   895                          	GLOBAL _zx_py2aaddr
   896                          	GLOBAL _zx_pxy2saddr_callee
   897                          	GLOBAL _zx_pxy2saddr
   898                          	GLOBAL _zx_pxy2aaddr_callee
   899                          	GLOBAL _zx_pxy2aaddr
   900                          	GLOBAL _zx_px2bitmask_fastcall
   901                          	GLOBAL _zx_px2bitmask
   902                          	GLOBAL _zx_cy2saddr_fastcall
   903                          	GLOBAL _zx_cy2saddr
   904                          	GLOBAL _zx_cy2aaddr_fastcall
   905                          	GLOBAL _zx_cy2aaddr
   906                          	GLOBAL _zx_cxy2saddr_callee
   907                          	GLOBAL _zx_cxy2saddr
   908                          	GLOBAL _zx_cxy2aaddr_callee
   909                          	GLOBAL _zx_cxy2aaddr
   910                          	GLOBAL _zx_bitmask2px_fastcall
   911                          	GLOBAL _zx_bitmask2px
   912                          	GLOBAL _zx_aaddrcup_fastcall
   913                          	GLOBAL _zx_aaddrcup
   914                          	GLOBAL _zx_aaddrcright_fastcall
   915                          	GLOBAL _zx_aaddrcright
   916                          	GLOBAL _zx_aaddrcleft_fastcall
   917                          	GLOBAL _zx_aaddrcleft
   918                          	GLOBAL _zx_aaddrcdown_fastcall
   919                          	GLOBAL _zx_aaddrcdown
   920                          	GLOBAL _zx_aaddr2saddr_fastcall
   921                          	GLOBAL _zx_aaddr2saddr
   922                          	GLOBAL _zx_aaddr2py_fastcall
   923                          	GLOBAL _zx_aaddr2py
   924                          	GLOBAL _zx_aaddr2px_fastcall
   925                          	GLOBAL _zx_aaddr2px
   926                          	GLOBAL _zx_aaddr2cy_fastcall
   927                          	GLOBAL _zx_aaddr2cy
   928                          	GLOBAL _zx_aaddr2cx_fastcall
   929                          	GLOBAL _zx_aaddr2cx
   930                          	GLOBAL _tshr_visit_wc_pix_callee
   931                          	GLOBAL _tshr_visit_wc_pix
   932                          	GLOBAL _tshr_scroll_wc_up_pix_callee
   933                          	GLOBAL _tshr_scroll_wc_up_pix
   934                          	GLOBAL _tshr_scroll_up_pix_callee
   935                          	GLOBAL _tshr_scroll_up_pix
   936                          	GLOBAL _tshr_scroll_up_callee
   937                          	GLOBAL _tshr_scroll_up
   938                          	GLOBAL _tshr_cls_wc_pix_callee
   939                          	GLOBAL _tshr_cls_wc_pix
   940                          	GLOBAL _tshr_cls_pix_fastcall
   941                          	GLOBAL _tshr_cls_pix
   942                          	GLOBAL _tshr_cls_attr_fastcall
   943                          	GLOBAL _tshr_cls_attr
   944                          	GLOBAL _tshr_cls_fastcall
   945                          	GLOBAL _tshr_cls
   946                          	GLOBAL _tshc_visit_wc_pix_callee
   947                          	GLOBAL _tshc_visit_wc_pix
   948                          	GLOBAL _tshc_visit_wc_attr_callee
   949                          	GLOBAL _tshc_visit_wc_attr
   950                          	GLOBAL _tshc_scroll_wc_up_pix_callee
   951                          	GLOBAL _tshc_scroll_wc_up_pix
   952                          	GLOBAL _tshc_scroll_wc_up_attr_callee
   953                          	GLOBAL _tshc_scroll_wc_up_attr
   954                          	GLOBAL _tshc_scroll_wc_up_callee
   955                          	GLOBAL _tshc_scroll_wc_up
   956                          	GLOBAL _tshc_scroll_up_pix_callee
   957                          	GLOBAL _tshc_scroll_up_pix
   958                          	GLOBAL _tshc_scroll_up_attr_callee
   959                          	GLOBAL _tshc_scroll_up_attr
   960                          	GLOBAL _tshc_scroll_up_callee
   961                          	GLOBAL _tshc_scroll_up
   962                          	GLOBAL _tshc_cls_wc_pix_callee
   963                          	GLOBAL _tshc_cls_wc_pix
   964                          	GLOBAL _tshc_cls_wc_attr_callee
   965                          	GLOBAL _tshc_cls_wc_attr
   966                          	GLOBAL _tshc_cls_wc_callee
   967                          	GLOBAL _tshc_cls_wc
   968                          	GLOBAL _tshc_cls_pix_fastcall
   969                          	GLOBAL _tshc_cls_pix
   970                          	GLOBAL _tshc_cls_attr_fastcall
   971                          	GLOBAL _tshc_cls_attr
   972                          	GLOBAL _tshc_cls_fastcall
   973                          	GLOBAL _tshc_cls
   974                          	GLOBAL _zx_visit_wc_pix_callee
   975                          	GLOBAL _zx_visit_wc_pix
   976                          	GLOBAL _zx_visit_wc_attr_callee
   977                          	GLOBAL _zx_visit_wc_attr
   978                          	GLOBAL _zx_scroll_wc_up_pix_callee
   979                          	GLOBAL _zx_scroll_wc_up_pix
   980                          	GLOBAL _zx_scroll_wc_up_attr_callee
   981                          	GLOBAL _zx_scroll_wc_up_attr
   982                          	GLOBAL _zx_scroll_wc_up_callee
   983                          	GLOBAL _zx_scroll_wc_up
   984                          	GLOBAL _zx_scroll_up_pix_callee
   985                          	GLOBAL _zx_scroll_up_pix
   986                          	GLOBAL _zx_scroll_up_attr_callee
   987                          	GLOBAL _zx_scroll_up_attr
   988                          	GLOBAL _zx_scroll_up_callee
   989                          	GLOBAL _zx_scroll_up
   990                          	GLOBAL _zx_cls_wc_pix_callee
   991                          	GLOBAL _zx_cls_wc_pix
   992                          	GLOBAL _zx_cls_wc_attr_callee
   993                          	GLOBAL _zx_cls_wc_attr
   994                          	GLOBAL _zx_cls_wc_callee
   995                          	GLOBAL _zx_cls_wc
   996                          	GLOBAL _zx_cls_pix_fastcall
   997                          	GLOBAL _zx_cls_pix
   998                          	GLOBAL _zx_cls_attr_fastcall
   999                          	GLOBAL _zx_cls_attr
  1000                          	GLOBAL _zx_cls_fastcall
  1001                          	GLOBAL _zx_cls
  1002                          	GLOBAL _zx_border_fastcall
  1003                          	GLOBAL _zx_border
  1004                          	GLOBAL _ts_vmod_fastcall
  1005                          	GLOBAL _ts_vmod
  1006                          	GLOBAL _zx_tape_verify_block_callee
  1007                          	GLOBAL _zx_tape_verify_block
  1008                          	GLOBAL _zx_tape_save_block_callee
  1009                          	GLOBAL _zx_tape_save_block
  1010                          	GLOBAL _zx_tape_load_block_callee
  1011                          	GLOBAL _zx_tape_load_block
  1012                          	GLOBAL _check_version_nextzxos_fastcall
  1013                          	GLOBAL _check_version_nextzxos
  1014                          	GLOBAL _check_version_esxdos_fastcall
  1015                          	GLOBAL _check_version_esxdos
  1016                          	GLOBAL _check_version_core_fastcall
  1017                          	GLOBAL _check_version_core
  1018                          	GLOBAL _zxn_mangle_bank_state_fastcall
  1019                          	GLOBAL _zxn_mangle_bank_state
  1020                          	GLOBAL _zxn_write_sysvar_bank_state_fastcall
  1021                          	GLOBAL _zxn_write_sysvar_bank_state
  1022                          	GLOBAL _zxn_read_sysvar_bank_state
  1023                          	GLOBAL _zxn_write_bank_state_fastcall
  1024                          	GLOBAL _zxn_write_bank_state
  1025                          	GLOBAL _zxn_write_mmu_state_fastcall
  1026                          	GLOBAL _zxn_write_mmu_state
  1027                          	GLOBAL _zxn_read_mmu_state_fastcall
  1028                          	GLOBAL _zxn_read_mmu_state
  1029                          	GLOBAL _zxn_page_from_addr_fastcall
  1030                          	GLOBAL _zxn_page_from_addr
  1031                          	GLOBAL _zxn_addr_from_page_fastcall
  1032                          	GLOBAL _zxn_addr_from_page
  1033                          	GLOBAL _zxn_addr_in_mmu_callee
  1034                          	GLOBAL _zxn_addr_in_mmu
  1035                          	GLOBAL _zxn_mmu_from_addr_fastcall
  1036                          	GLOBAL _zxn_mmu_from_addr
  1037                          	GLOBAL _zxn_addr_from_mmu_fastcall
  1038                          	GLOBAL _zxn_addr_from_mmu
  1039                          	GLOBAL _ZXN_READ_MMU7
  1040                          	GLOBAL _ZXN_READ_MMU6
  1041                          	GLOBAL _ZXN_READ_MMU5
  1042                          	GLOBAL _ZXN_READ_MMU4
  1043                          	GLOBAL _ZXN_READ_MMU3
  1044                          	GLOBAL _ZXN_READ_MMU2
  1045                          	GLOBAL _ZXN_READ_MMU1
  1046                          	GLOBAL _ZXN_READ_MMU0
  1047                          	GLOBAL _ZXN_WRITE_REG_callee
  1048                          	GLOBAL _ZXN_WRITE_REG
  1049                          	GLOBAL _ZXN_READ_REG_fastcall
  1050                          	GLOBAL _ZXN_READ_REG
  1051                          	GLOBAL _GameState
  1052                          	GLOBAL _RawKeys
  1053                          	GLOBAL _Keys
  1054                          	GLOBAL _Port123b
  1055                          	GLOBAL _VBlank
  1056                          	GLOBAL _errno
  1057                          	GLOBAL _stderr
  1058                          	GLOBAL _stdout
  1059                          	GLOBAL _stdin
  1060                          	GLOBAL __MAX_FOPEN
  1061                          	GLOBAL _GLOBAL_ZXN_PORT_DFFD
  1062                          	GLOBAL _GLOBAL_ZXN_PORT_7FFD
  1063                          	GLOBAL _GLOBAL_ZXN_PORT_1FFD
  1064                          	GLOBAL _GLOBAL_ZXN_PORT_FE
  1065                          	GLOBAL _GLOBAL_TS_PORT_FE
  1066                          	GLOBAL _GLOBAL_ZX_PORT_7FFD
  1067                          	GLOBAL _GLOBAL_ZX_PORT_1FFD
  1068                          	GLOBAL _GLOBAL_ZX_PORT_FE
  1069                          ;--------------------------------------------------------
  1070                          ; special function registers
  1071                          ;--------------------------------------------------------
  1072                          defc _IO_FE	=	0x00fe
  1073                          defc _IO_FF	=	0x00ff
  1074                          defc _IO_TIMEX_VIDEO_MODE	=	0x00ff
  1075                          defc _IO_1FFD	=	0x1ffd
  1076                          defc _IO_7FFD	=	0x7ffd
  1077                          defc _IO_DFFD	=	0xdffd
  1078                          defc _IO_0F	=	0x000f
  1079                          defc _IO_DAC_L0	=	0x000f
  1080                          defc _IO_1F	=	0x001f
  1081                          defc _IO_DAC_L1	=	0x001f
  1082                          defc _IO_4F	=	0x004f
  1083                          defc _IO_DAC_R0	=	0x004f
  1084                          defc _IO_5F	=	0x005f
  1085                          defc _IO_DAC_R1	=	0x005f
  1086                          defc _IO_DF	=	0x00df
  1087                          defc _IO_DAC_M0	=	0x00df
  1088                          defc _IO_FFFD	=	0xfffd
  1089                          defc _IO_TURBOSOUND	=	0xfffd
  1090                          defc _IO_AY_REG	=	0xfffd
  1091                          defc _IO_BFFD	=	0xbffd
  1092                          defc _IO_AY_DAT	=	0xbffd
  1093                          defc _IO_123B	=	0x123b
  1094                          defc _IO_LAYER_2_CONFIG	=	0x123b
  1095                          defc _IO_303B	=	0x303b
  1096                          defc _IO_SPRITE_SLOT	=	0x303b
  1097                          defc _IO_SPRITE_FLAGS	=	0x303b
  1098                          defc _IO_57	=	0x0057
  1099                          defc _IO_SPRITE_ATTRIBUTE	=	0x0057
  1100                          defc _IO_5B	=	0x005b
  1101                          defc _IO_SPRITE_PATTERN	=	0x005b
  1102                          defc _IO_143B	=	0x143b
  1103                          defc _IO_UART_RX	=	0x143b
  1104                          defc _IO_UART_BAUD_RATE	=	0x143b
  1105                          defc _IO_133B	=	0x133b
  1106                          defc _IO_UART_TX	=	0x133b
  1107                          defc _IO_UART_STATUS	=	0x133b
  1108                          defc _IO_6B	=	0x006b
  1109                          defc _IO_DMA	=	0x006b
  1110                          defc _IO_E3	=	0x00e3
  1111                          defc _IO_DIVIDE_CONTROL	=	0x00e3
  1112                          defc _IO_E7	=	0x00e7
  1113                          defc _IO_SPI_CONTROL	=	0x00e7
  1114                          defc _IO_SPI_STATUS	=	0x00e7
  1115                          defc _IO_EB	=	0x00eb
  1116                          defc _IO_SPI_DATA	=	0x00eb
  1117                          defc _IO_103B	=	0x103b
  1118                          defc _IO_I2C_SCL	=	0x103b
  1119                          defc _IO_113B	=	0x113b
  1120                          defc _IO_I2C_SDA	=	0x113b
  1121                          defc _IO_LED_L	=	0x103b
  1122                          defc _IO_243B	=	0x243b
  1123                          defc _IO_NEXTREG_REG	=	0x243b
  1124                          defc _IO_253B	=	0x253b
  1125                          defc _IO_NEXTREG_DAT	=	0x253b
  1126                          ;--------------------------------------------------------
  1127                          ; ram data
  1128                          ;--------------------------------------------------------
  1129                          	SECTION bss_compiler
  1130                          ;--------------------------------------------------------
  1131                          ; ram data
  1132                          ;--------------------------------------------------------
  1133                          
  1134                          IF 0
  1135                          
  1136                          ; .area _INITIALIZED removed by z88dk
  1137                          
  1138                          
  1139                          ENDIF
  1140                          
  1141                          ;--------------------------------------------------------
  1142                          ; absolute external ram data
  1143                          ;--------------------------------------------------------
  1144                          	SECTION IGNORE
  1145                          ;--------------------------------------------------------
  1146                          ; global & static initialisations
  1147                          ;--------------------------------------------------------
  1148                          	SECTION code_crt_init
  1149                          ;--------------------------------------------------------
  1150                          ; Home
  1151                          ;--------------------------------------------------------
  1152                          	SECTION code_home
  1153                          ;--------------------------------------------------------
  1154                          ; code
  1155                          ;--------------------------------------------------------
  1156                          	SECTION code_compiler
  1157                          ;main.c:33: void MainLoop(void)
  1158                          ;	---------------------------------
  1159                          ; Function MainLoop
  1160                          ; ---------------------------------
  1161                          _MainLoop:
  1162                          ;main.c:35: SetState(State_InitFrontEnd);
  1163  0000  210000            	ld	hl,_GameState
  1164  0003  3601              	ld	(hl),0x01
  1165                          ;main.c:36: while(1)
  1166                          l_MainLoop_00110:
  1167                          ;main.c:38: WaitVBlank();
  1168  0005  cd0000            	call	_WaitVBlank
  1169                          ;main.c:39: CopySpriteData();
  1170  0008  cd0000            	call	_CopySpriteData
  1171                          ;main.c:40: ReadKeyboard();
  1172  000b  cd0000            	call	_ReadKeyboard
  1173                          ;main.c:43: switch(GameState)
  1174  000e  3e06              	ld	a,0x06
  1175  0010  210000            	ld	hl,_GameState
  1176  0013  96                	sub	a, (hl)
  1177  0014  3857              	jr	C,l_MainLoop_00107
  1178  0016  4e                	ld	c, (hl)
  1179  0017  0600              	ld	b,0x00
  1180  0019  212300            	ld	hl,l_MainLoop_00128
  1181  001c  09                	add	hl, bc
  1182  001d  09                	add	hl, bc
  1183  001e  4e                	ld	c, (hl)
  1184  001f  23                	inc	hl
  1185  0020  66                	ld	h, (hl)
  1186  0021  69                	ld	l, c
  1187  0022  e9                	jp	(hl)
  1188                          l_MainLoop_00128:
  1189  0023  6d00              	DEFW	l_MainLoop_00107
  1190  0025  3100              	DEFW	l_MainLoop_00101
  1191  0027  3a00              	DEFW	l_MainLoop_00102
  1192  0029  4600              	DEFW	l_MainLoop_00103
  1193  002b  4f00              	DEFW	l_MainLoop_00104
  1194  002d  5800              	DEFW	l_MainLoop_00105
  1195  002f  6400              	DEFW	l_MainLoop_00106
  1196                          ;main.c:45: case State_InitFrontEnd:
  1197                          l_MainLoop_00101:
  1198                          ;main.c:47: NextReg(0x50,8);
  1199  0031  ed915008          	nextreg	+0x50,8
  1200                          ;main.c:48: FE_Init();
  1201  0035  cd0000            	call	_FE_Init
  1202                          ;main.c:49: break;
  1203  0038  18cb              	jr	l_MainLoop_00110
  1204                          ;main.c:51: case State_FrontEnd:
  1205                          l_MainLoop_00102:
  1206                          ;main.c:53: NextReg(0x50,8);
  1207  003a  ed915008          	nextreg	+0x50,8
  1208                          ;main.c:54: FE_Process();
  1209  003e  cd0000            	call	_FE_Process
  1210                          ;main.c:55: FE_Render();
  1211  0041  cd0000            	call	_FE_Render
  1212                          ;main.c:56: break;
  1213  0044  18bf              	jr	l_MainLoop_00110
  1214                          ;main.c:58: case State_QuitFrontEnd:
  1215                          l_MainLoop_00103:
  1216                          ;main.c:60: NextReg(0x50,8);
  1217  0046  ed915008          	nextreg	+0x50,8
  1218                          ;main.c:61: FE_Quit();
  1219  004a  cd0000            	call	_FE_Quit
  1220                          ;main.c:62: break;
  1221  004d  18b6              	jr	l_MainLoop_00110
  1222                          ;main.c:64: case State_InitGame:
  1223                          l_MainLoop_00104:
  1224                          ;main.c:66: NextReg(0x50,6);
  1225  004f  ed915006          	nextreg	+0x50,6
  1226                          ;main.c:67: GP_Init();
  1227  0053  cd0000            	call	_GP_Init
  1228                          ;main.c:68: break;
  1229  0056  18ad              	jr	l_MainLoop_00110
  1230                          ;main.c:70: case State_Game:
  1231                          l_MainLoop_00105:
  1232                          ;main.c:72: NextReg(0x50,6);
  1233  0058  ed915006          	nextreg	+0x50,6
  1234                          ;main.c:73: GP_Process();
  1235  005c  cd0000            	call	_GP_Process
  1236                          ;main.c:74: GP_Render();
  1237  005f  cd0000            	call	_GP_Render
  1238                          ;main.c:75: break;
  1239  0062  18a1              	jr	l_MainLoop_00110
  1240                          ;main.c:77: case State_QuitGame:
  1241                          l_MainLoop_00106:
  1242                          ;main.c:79: NextReg(0x50,6);
  1243  0064  ed915006          	nextreg	+0x50,6
  1244                          ;main.c:80: GP_Quit();
  1245  0068  cd0000            	call	_GP_Quit
  1246                          ;main.c:81: break;
  1247  006b  1898              	jr	l_MainLoop_00110
  1248                          ;main.c:83: default:{
  1249                          l_MainLoop_00107:
  1250                          ;main.c:84: SetState(State_InitFrontEnd);
  1251  006d  210000            	ld	hl,_GameState
  1252  0070  3601              	ld	(hl),0x01
  1253                          ;main.c:86: }
  1254                          ;main.c:88: }
  1255  0072  1891              	jr	l_MainLoop_00110
  1256                          ;main.c:95: int  main(void)
  1257                          ;	---------------------------------
  1258                          ; Function main
  1259                          ; ---------------------------------
  1260                          _main:
  1261                          ;main.c:97: BREAK;
  1262  0074  fd00              	defb	0xFD,0x00
  1263                          ;main.c:98: intrinsic_label(Main_Label);
  1264                          Main_Label:
  1265                          ;main.c:100: NextReg(0x7,3);           // 28Mhz
  1266  0076  ed910703          	nextreg	+0x7,3
  1267                          ;main.c:101: NextReg(0x8,0x4A);        // Disable RAM contention, enable DAC and turbosound
  1268  007a  ed91084a          	nextreg	+0x8,0x4A
  1269                          ;main.c:102: NextReg(0x5,0x04);        // 60Hz mode
  1270  007e  ed910504          	nextreg	+0x5,0x04
  1271                          ;main.c:103: NextReg(0x15,0x03);       // layer order - and sprites on
  1272  0082  ed911503          	nextreg	+0x15,0x03
  1273                          ;main.c:104: NextReg(0x4b,0xe3);       // sprite transparency
  1274  0086  ed914be3          	nextreg	+0x4b,0xe3
  1275                          ;main.c:107: NextReg(0x57,2);          // page in kernel
  1276  008a  ed915702          	nextreg	+0x57,2
  1277                          ;main.c:108: InitKernel();
  1278  008e  cd0000            	call	_InitKernel
  1279                          ;main.c:109: SetUpIRQs();
  1280  0091  cd0000            	call	_SetUpIRQs
  1281                          ;main.c:111: Layer2Enable(false);
  1282  0094  2e00              	ld	l,0x00
  1283  0096  cd0000            	call	_Layer2Enable
  1284                          ;main.c:112: ClsATTR(56);                // white paper, black ink
  1285  0099  2e38              	ld	l,0x38
  1286  009b  cd0000            	call	_ClsATTR
  1287                          ;main.c:113: ClsULA();
  1288  009e  cd0000            	call	_ClsULA
  1289                          ;main.c:115: PrintHex(0x12,0x4000);
  1290  00a1  210040            	ld	hl,0x4000
  1291  00a4  e5                	push	hl
  1292  00a5  3e12              	ld	a,0x12
  1293  00a7  f5                	push	af
  1294  00a8  33                	inc	sp
  1295  00a9  cd0000            	call	_PrintHex
  1296                          ;main.c:116: DMACopy(0x4000,0x4800,0x800);
  1297  00ac  210008            	ld	hl,0x0800
  1298  00af  e5                	push	hl
  1299  00b0  2648              	ld	h,0x48
  1300  00b2  e5                	push	hl
  1301  00b3  2640              	ld	h,0x40
  1302  00b5  e5                	push	hl
  1303  00b6  cd0000            	call	_DMACopy
  1304                          ;main.c:117: UploadSprites(0,0x04,(uint16*) 0x5678);
  1305  00b9  217856            	ld	hl,0x5678
  1306  00bc  e5                	push	hl
  1307  00bd  3e04              	ld	a,0x04
  1308  00bf  f5                	push	af
  1309  00c0  33                	inc	sp
  1310  00c1  af                	xor	a, a
  1311  00c2  f5                	push	af
  1312  00c3  33                	inc	sp
  1313  00c4  cd0000            	call	_UploadSprites
  1314                          ;main.c:119: MainLoop();
  1315  00c7  cd0000            	call	_MainLoop
  1316                          ;main.c:122: while(1){}
  1317                          l_main_00102:
  1318                          ;main.c:123: }
  1319  00ca  18fe              	jr	l_main_00102
  1320                          	SECTION IGNORE
  1321                          
